---------------------------------------------------------------
[ 2018-04-28T10:06:15+08:00 ] 127.0.0.1 GET /public/index.php/test/Index/
[ info ] localhost:7070/public/index.php/test/Index/ [运行时间：0.033553s][吞吐率：29.80req/s] [内存消耗：264.51kb] [文件加载：46]
[ info ] [ LANG ] /home/tutu/Project/tools/thinkphp/lang/zh-cn.php
[ info ] [ ROUTE ] array (
  'type' => 'module',
  'module' => 
  array (
    0 => 'test',
    1 => 'Index',
    2 => NULL,
  ),
)
[ info ] [ HEADER ] array (
  'host' => 'localhost:7070',
  'user-agent' => 'Mozilla/5.0 (X11; Ubuntu; Linux x86_64; rv:59.0) Gecko/20100101 Firefox/59.0',
  'accept' => 'text/html,application/xhtml+xml,application/xml;q=0.9,*/*;q=0.8',
  'accept-language' => 'en-US,en;q=0.5',
  'accept-encoding' => 'gzip, deflate',
  'cookie' => 'thinkphp_show_page_trace=0|0; thinkphp_show_page_trace=0|0; Phpstorm-2383b15=40b978d2-1578-42b4-8445-5cd55e64ef0d; UserID=admin; UserPWD=Ndj%40123456; IsRemember=on; pgv_pvi=1983248384; lang=zh; PHPSESSID=3ns55q2iv6av1iar1j8egpjrmp',
  'connection' => 'keep-alive',
  'upgrade-insecure-requests' => '1',
)
[ info ] [ PARAM ] array (
)
[ info ] [ RUN ] app\Test\controller\Index->index[ /home/tutu/Project/tools/application/test/controller/Index.php ]
[ info ] [ LOG ] INIT File
---------------------------------------------------------------
[ 2018-04-28T10:06:49+08:00 ] 127.0.0.1 GET /public/index.php/test/Index/
[ info ] localhost:7070/public/index.php/test/Index/ [运行时间：0.032303s][吞吐率：30.96req/s] [内存消耗：264.88kb] [文件加载：46]
[ info ] [ LANG ] /home/tutu/Project/tools/thinkphp/lang/zh-cn.php
[ info ] [ ROUTE ] array (
  'type' => 'module',
  'module' => 
  array (
    0 => 'test',
    1 => 'Index',
    2 => NULL,
  ),
)
[ info ] [ HEADER ] array (
  'host' => 'localhost:7070',
  'user-agent' => 'Mozilla/5.0 (X11; Ubuntu; Linux x86_64; rv:59.0) Gecko/20100101 Firefox/59.0',
  'accept' => 'text/html,application/xhtml+xml,application/xml;q=0.9,*/*;q=0.8',
  'accept-language' => 'en-US,en;q=0.5',
  'accept-encoding' => 'gzip, deflate',
  'cookie' => 'thinkphp_show_page_trace=0|0; thinkphp_show_page_trace=0|0; Phpstorm-2383b15=40b978d2-1578-42b4-8445-5cd55e64ef0d; UserID=admin; UserPWD=Ndj%40123456; IsRemember=on; pgv_pvi=1983248384; lang=zh; PHPSESSID=3ns55q2iv6av1iar1j8egpjrmp',
  'connection' => 'keep-alive',
  'upgrade-insecure-requests' => '1',
  'cache-control' => 'max-age=0',
)
[ info ] [ PARAM ] array (
)
[ info ] [ RUN ] app\Test\controller\Index->index[ /home/tutu/Project/tools/application/test/controller/Index.php ]
[ info ] [ LOG ] INIT File
---------------------------------------------------------------
[ 2018-04-28T10:07:05+08:00 ] 127.0.0.1 GET /public/index.php/test/Index/
[ info ] localhost:7070/public/index.php/test/Index/ [运行时间：0.032433s][吞吐率：30.83req/s] [内存消耗：264.19kb] [文件加载：46]
[ info ] [ LANG ] /home/tutu/Project/tools/thinkphp/lang/zh-cn.php
[ info ] [ ROUTE ] array (
  'type' => 'module',
  'module' => 
  array (
    0 => 'test',
    1 => 'Index',
    2 => NULL,
  ),
)
[ info ] [ HEADER ] array (
  'host' => 'localhost:7070',
  'user-agent' => 'Mozilla/5.0 (X11; Ubuntu; Linux x86_64; rv:59.0) Gecko/20100101 Firefox/59.0',
  'accept' => 'text/html,application/xhtml+xml,application/xml;q=0.9,*/*;q=0.8',
  'accept-language' => 'en-US,en;q=0.5',
  'accept-encoding' => 'gzip, deflate',
  'cookie' => 'thinkphp_show_page_trace=0|0; thinkphp_show_page_trace=0|0; Phpstorm-2383b15=40b978d2-1578-42b4-8445-5cd55e64ef0d; UserID=admin; UserPWD=Ndj%40123456; IsRemember=on; pgv_pvi=1983248384; lang=zh; PHPSESSID=3ns55q2iv6av1iar1j8egpjrmp',
  'connection' => 'keep-alive',
  'upgrade-insecure-requests' => '1',
  'cache-control' => 'max-age=0',
)
[ info ] [ PARAM ] array (
)
[ info ] [ RUN ] app\Test\controller\Index->index[ /home/tutu/Project/tools/application/test/controller/Index.php ]
[ info ] [ LOG ] INIT File
---------------------------------------------------------------
[ 2018-04-28T10:10:39+08:00 ] 127.0.0.1 GET /public/index.php/test/Index/
[ info ] localhost:7070/public/index.php/test/Index/ [运行时间：0.065459s][吞吐率：15.28req/s] [内存消耗：329.14kb] [文件加载：46]
[ info ] [ LANG ] /home/tutu/Project/tools/thinkphp/lang/zh-cn.php
[ info ] [ ROUTE ] array (
  'type' => 'module',
  'module' => 
  array (
    0 => 'test',
    1 => 'Index',
    2 => NULL,
  ),
)
[ info ] [ HEADER ] array (
  'host' => 'localhost:7070',
  'user-agent' => 'Mozilla/5.0 (X11; Ubuntu; Linux x86_64; rv:59.0) Gecko/20100101 Firefox/59.0',
  'accept' => 'text/html,application/xhtml+xml,application/xml;q=0.9,*/*;q=0.8',
  'accept-language' => 'en-US,en;q=0.5',
  'accept-encoding' => 'gzip, deflate',
  'cookie' => 'thinkphp_show_page_trace=0|0; thinkphp_show_page_trace=0|0; Phpstorm-2383b15=40b978d2-1578-42b4-8445-5cd55e64ef0d; UserID=admin; UserPWD=Ndj%40123456; IsRemember=on; pgv_pvi=1983248384; lang=zh; PHPSESSID=3ns55q2iv6av1iar1j8egpjrmp',
  'connection' => 'keep-alive',
  'upgrade-insecure-requests' => '1',
)
[ info ] [ PARAM ] array (
)
[ info ] [ RUN ] app\Test\controller\Index->index[ /home/tutu/Project/tools/application/test/controller/Index.php ]
[ info ] [ LOG ] INIT File
---------------------------------------------------------------
[ 2018-04-28T10:10:57+08:00 ] 127.0.0.1 GET /public/index.php/test/Index/
[ info ] localhost:7070/public/index.php/test/Index/ [运行时间：0.030528s][吞吐率：32.76req/s] [内存消耗：264.19kb] [文件加载：46]
[ info ] [ LANG ] /home/tutu/Project/tools/thinkphp/lang/zh-cn.php
[ info ] [ ROUTE ] array (
  'type' => 'module',
  'module' => 
  array (
    0 => 'test',
    1 => 'Index',
    2 => NULL,
  ),
)
[ info ] [ HEADER ] array (
  'host' => 'localhost:7070',
  'user-agent' => 'Mozilla/5.0 (X11; Ubuntu; Linux x86_64; rv:59.0) Gecko/20100101 Firefox/59.0',
  'accept' => 'text/html,application/xhtml+xml,application/xml;q=0.9,*/*;q=0.8',
  'accept-language' => 'en-US,en;q=0.5',
  'accept-encoding' => 'gzip, deflate',
  'cookie' => 'thinkphp_show_page_trace=0|0; thinkphp_show_page_trace=0|0; Phpstorm-2383b15=40b978d2-1578-42b4-8445-5cd55e64ef0d; UserID=admin; UserPWD=Ndj%40123456; IsRemember=on; pgv_pvi=1983248384; lang=zh; PHPSESSID=3ns55q2iv6av1iar1j8egpjrmp',
  'connection' => 'keep-alive',
  'upgrade-insecure-requests' => '1',
  'cache-control' => 'max-age=0',
)
[ info ] [ PARAM ] array (
)
[ info ] [ RUN ] app\Test\controller\Index->index[ /home/tutu/Project/tools/application/test/controller/Index.php ]
[ info ] [ LOG ] INIT File
---------------------------------------------------------------
[ 2018-04-28T10:42:57+08:00 ] 127.0.0.1 GET /public/index.php/index
[ info ] localhost:7070/public/index.php/index [运行时间：0.027311s][吞吐率：36.62req/s] [内存消耗：250.59kb] [文件加载：40]
[ info ] [ LANG ] /home/tutu/Project/tools/thinkphp/lang/zh-cn.php
[ info ] [ ROUTE ] array (
  'type' => 'module',
  'module' => 
  array (
    0 => 'index',
    1 => NULL,
    2 => NULL,
  ),
)
[ info ] [ HEADER ] array (
  'host' => 'localhost:7070',
  'user-agent' => 'Mozilla/5.0 (X11; Ubuntu; Linux x86_64; rv:59.0) Gecko/20100101 Firefox/59.0',
  'accept' => 'text/html,application/xhtml+xml,application/xml;q=0.9,*/*;q=0.8',
  'accept-language' => 'en-US,en;q=0.5',
  'accept-encoding' => 'gzip, deflate',
  'cookie' => 'Phpstorm-2383b15=40b978d2-1578-42b4-8445-5cd55e64ef0d; UserID=admin; UserPWD=Ndj%40123456; IsRemember=on; pgv_pvi=1983248384; lang=zh; PHPSESSID=3ns55q2iv6av1iar1j8egpjrmp',
  'connection' => 'keep-alive',
  'upgrade-insecure-requests' => '1',
)
[ info ] [ PARAM ] array (
)
[ info ] [ RUN ] app\index\controller\Index->index[ /home/tutu/Project/tools/application/index/controller/Index.php ]
[ info ] [ LOG ] INIT File
