2018-01-21 13:40:30|success!
ALTER TABLE `history` ADD PARTITION (PARTITION p2018014 VALUES LESS THAN (1517155200));
ALTER TABLE history REORGANIZE PARTITION p2017101,p2017102,p2017103,p2017104,p2017105 INTO(PARTITION p201710 VALUES LESS THAN (1509465600));
ALTER TABLE history REORGANIZE PARTITION p2017111,p2017112,p2017113,p2017114,p2017115 INTO(PARTITION p201711 VALUES LESS THAN (1512057600));
ALTER TABLE history REORGANIZE PARTITION p2017121,p2017122,p2017123,p2017124,p2017125 INTO(PARTITION p201712 VALUES LESS THAN (1514736000));
ALTER TABLE `history_uint` ADD PARTITION (PARTITION p2018014 VALUES LESS THAN (1517155200));
ALTER TABLE history_uint REORGANIZE PARTITION p2017101,p2017102,p2017103,p2017104,p2017105 INTO(PARTITION p201710 VALUES LESS THAN (1509465600));
ALTER TABLE history_uint REORGANIZE PARTITION p2017111,p2017112,p2017113,p2017114,p2017115 INTO(PARTITION p201711 VALUES LESS THAN (1512057600));
ALTER TABLE history_uint REORGANIZE PARTITION p2017121,p2017122,p2017123,p2017124,p2017125 INTO(PARTITION p201712 VALUES LESS THAN (1514736000));
ALTER TABLE `history_str` ADD PARTITION (PARTITION p2018014 VALUES LESS THAN (1517155200));
ALTER TABLE history_str REORGANIZE PARTITION p2017101,p2017102,p2017103,p2017104,p2017105 INTO(PARTITION p201710 VALUES LESS THAN (1509465600));
ALTER TABLE history_str REORGANIZE PARTITION p2017111,p2017112,p2017113,p2017114,p2017115 INTO(PARTITION p201711 VALUES LESS THAN (1512057600));
ALTER TABLE history_str REORGANIZE PARTITION p2017121,p2017122,p2017123,p2017124,p2017125 INTO(PARTITION p201712 VALUES LESS THAN (1514736000));
ALTER TABLE `history_log` ADD PARTITION (PARTITION p2018014 VALUES LESS THAN (1517155200));
ALTER TABLE history_log REORGANIZE PARTITION p2017101,p2017102,p2017103,p2017104,p2017105 INTO(PARTITION p201710 VALUES LESS THAN (1509465600));
ALTER TABLE history_log REORGANIZE PARTITION p2017111,p2017112,p2017113,p2017114,p2017115 INTO(PARTITION p201711 VALUES LESS THAN (1512057600));
ALTER TABLE history_log REORGANIZE PARTITION p2017121,p2017122,p2017123,p2017124,p2017125 INTO(PARTITION p201712 VALUES LESS THAN (1514736000));
ALTER TABLE `history_text` ADD PARTITION (PARTITION p2018014 VALUES LESS THAN (1517155200));
ALTER TABLE history_text REORGANIZE PARTITION p2017101,p2017102,p2017103,p2017104,p2017105 INTO(PARTITION p201710 VALUES LESS THAN (1509465600));
ALTER TABLE history_text REORGANIZE PARTITION p2017111,p2017112,p2017113,p2017114,p2017115 INTO(PARTITION p201711 VALUES LESS THAN (1512057600));
ALTER TABLE history_text REORGANIZE PARTITION p2017121,p2017122,p2017123,p2017124,p2017125 INTO(PARTITION p201712 VALUES LESS THAN (1514736000));
ALTER TABLE `trends` ADD PARTITION (PARTITION p2018014 VALUES LESS THAN (1517155200));
ALTER TABLE trends REORGANIZE PARTITION p2017101,p2017102,p2017103,p2017104,p2017105 INTO(PARTITION p201710 VALUES LESS THAN (1509465600));
ALTER TABLE trends REORGANIZE PARTITION p2017111,p2017112,p2017113,p2017114,p2017115 INTO(PARTITION p201711 VALUES LESS THAN (1512057600));
ALTER TABLE trends REORGANIZE PARTITION p2017121,p2017122,p2017123,p2017124,p2017125 INTO(PARTITION p201712 VALUES LESS THAN (1514736000));
ALTER TABLE `trends_uint` ADD PARTITION (PARTITION p2018014 VALUES LESS THAN (1517155200));
ALTER TABLE trends_uint REORGANIZE PARTITION p2017101,p2017102,p2017103,p2017104,p2017105 INTO(PARTITION p201710 VALUES LESS THAN (1509465600));
ALTER TABLE trends_uint REORGANIZE PARTITION p2017111,p2017112,p2017113,p2017114,p2017115 INTO(PARTITION p201711 VALUES LESS THAN (1512057600));
ALTER TABLE trends_uint REORGANIZE PARTITION p2017121,p2017122,p2017123,p2017124,p2017125 INTO(PARTITION p201712 VALUES LESS THAN (1514736000));

time use:7050s
2018-01-21 13:42:58|success!
but nothing to do
time use:0s
2018-01-21 14:41:59|success!
but nothing to do
time use:0s
2018-01-22 08:47:01|success!
but nothing to do
time use:0s
2018-01-22 08:48:01|success!
but nothing to do
time use:0s
2018-01-22 08:49:02|success!
but nothing to do
time use:1s
2018-01-22 09:00:01|success!
but nothing to do
time use:0s
2018-01-22 10:45:50|success!
but nothing to do
time use:0s
2018-01-22 10:51:05|success!
but nothing to do
time use:0s
2018-01-22 10:52:59|success!
but nothing to do
time use:0s
2018-01-23 03:00:02|success!
but nothing to do
time use:0s
2018-01-24 03:00:02|success!
but nothing to do
time use:1s
2018-01-25 03:00:01|success!
but nothing to do
time use:0s
2018-01-26 03:00:03|success!
but nothing to do
time use:1s
2018-01-27 03:00:01|success!
but nothing to do
time use:0s
2018-01-28 03:00:02|success!
ALTER TABLE `history` ADD PARTITION (PARTITION p2018015 VALUES LESS THAN (1517414400));
ALTER TABLE `history_uint` ADD PARTITION (PARTITION p2018015 VALUES LESS THAN (1517414400));
ALTER TABLE `history_str` ADD PARTITION (PARTITION p2018015 VALUES LESS THAN (1517414400));
ALTER TABLE `history_log` ADD PARTITION (PARTITION p2018015 VALUES LESS THAN (1517414400));
ALTER TABLE `history_text` ADD PARTITION (PARTITION p2018015 VALUES LESS THAN (1517414400));
ALTER TABLE `trends` ADD PARTITION (PARTITION p2018015 VALUES LESS THAN (1517414400));
ALTER TABLE `trends_uint` ADD PARTITION (PARTITION p2018015 VALUES LESS THAN (1517414400));

time use:0s
2018-01-29 03:00:02|success!
but nothing to do
time use:0s
2018-01-30 03:00:02|success!
but nothing to do
time use:0s
2018-01-31 03:00:02|success!
ALTER TABLE `history` ADD PARTITION (PARTITION p2018021 VALUES LESS THAN (1518019200));
ALTER TABLE `history_uint` ADD PARTITION (PARTITION p2018021 VALUES LESS THAN (1518019200));
ALTER TABLE `history_str` ADD PARTITION (PARTITION p2018021 VALUES LESS THAN (1518019200));
ALTER TABLE `history_log` ADD PARTITION (PARTITION p2018021 VALUES LESS THAN (1518019200));
ALTER TABLE `history_text` ADD PARTITION (PARTITION p2018021 VALUES LESS THAN (1518019200));
ALTER TABLE `trends` ADD PARTITION (PARTITION p2018021 VALUES LESS THAN (1518019200));
ALTER TABLE `trends_uint` ADD PARTITION (PARTITION p2018021 VALUES LESS THAN (1518019200));

time use:0s
2018-02-01 03:50:11|success!
ALTER TABLE history REORGANIZE PARTITION p2018011,p2018012,p2018013,p2018014,p2018015 INTO(PARTITION p201801 VALUES LESS THAN (1517414400));
ALTER TABLE history_uint REORGANIZE PARTITION p2018011,p2018012,p2018013,p2018014,p2018015 INTO(PARTITION p201801 VALUES LESS THAN (1517414400));
ALTER TABLE history_str REORGANIZE PARTITION p2018011,p2018012,p2018013,p2018014,p2018015 INTO(PARTITION p201801 VALUES LESS THAN (1517414400));
ALTER TABLE history_log REORGANIZE PARTITION p2018011,p2018012,p2018013,p2018014,p2018015 INTO(PARTITION p201801 VALUES LESS THAN (1517414400));
ALTER TABLE history_text REORGANIZE PARTITION p2018011,p2018012,p2018013,p2018014,p2018015 INTO(PARTITION p201801 VALUES LESS THAN (1517414400));
ALTER TABLE trends REORGANIZE PARTITION p2018011,p2018012,p2018013,p2018014,p2018015 INTO(PARTITION p201801 VALUES LESS THAN (1517414400));
ALTER TABLE trends_uint REORGANIZE PARTITION p2018011,p2018012,p2018013,p2018014,p2018015 INTO(PARTITION p201801 VALUES LESS THAN (1517414400));

time use:3009s
2018-02-02 03:00:01|success!
but nothing to do
time use:0s
2018-02-03 03:00:02|success!
but nothing to do
time use:0s
2018-02-04 03:00:01|success!
but nothing to do
time use:0s
2018-02-05 03:00:02|success!
but nothing to do
time use:1s
2018-02-06 03:00:02|success!
but nothing to do
time use:0s
2018-02-07 03:00:01|success!
ALTER TABLE `history` ADD PARTITION (PARTITION p2018022 VALUES LESS THAN (1518624000));
ALTER TABLE `history_uint` ADD PARTITION (PARTITION p2018022 VALUES LESS THAN (1518624000));
ALTER TABLE `history_str` ADD PARTITION (PARTITION p2018022 VALUES LESS THAN (1518624000));
ALTER TABLE `history_log` ADD PARTITION (PARTITION p2018022 VALUES LESS THAN (1518624000));
ALTER TABLE `history_text` ADD PARTITION (PARTITION p2018022 VALUES LESS THAN (1518624000));
ALTER TABLE `trends` ADD PARTITION (PARTITION p2018022 VALUES LESS THAN (1518624000));
ALTER TABLE `trends_uint` ADD PARTITION (PARTITION p2018022 VALUES LESS THAN (1518624000));

time use:0s
2018-02-08 03:00:02|success!
but nothing to do
time use:0s
2018-02-09 03:00:01|success!
but nothing to do
time use:0s
2018-02-10 03:00:02|success!
but nothing to do
time use:0s
2018-02-11 03:00:01|success!
but nothing to do
time use:0s
2018-02-12 03:00:01|success!
but nothing to do
time use:0s
2018-02-13 03:00:02|success!
but nothing to do
time use:0s
2018-02-14 03:00:02|success!
ALTER TABLE `history` ADD PARTITION (PARTITION p2018023 VALUES LESS THAN (1519228800));
ALTER TABLE `history_uint` ADD PARTITION (PARTITION p2018023 VALUES LESS THAN (1519228800));
ALTER TABLE `history_str` ADD PARTITION (PARTITION p2018023 VALUES LESS THAN (1519228800));
ALTER TABLE `history_log` ADD PARTITION (PARTITION p2018023 VALUES LESS THAN (1519228800));
ALTER TABLE `history_text` ADD PARTITION (PARTITION p2018023 VALUES LESS THAN (1519228800));
ALTER TABLE `trends` ADD PARTITION (PARTITION p2018023 VALUES LESS THAN (1519228800));
ALTER TABLE `trends_uint` ADD PARTITION (PARTITION p2018023 VALUES LESS THAN (1519228800));

time use:1s
2018-02-15 03:00:02|success!
but nothing to do
time use:0s
2018-02-16 03:00:01|success!
but nothing to do
time use:0s
2018-02-17 03:00:02|success!
but nothing to do
time use:0s
2018-02-18 03:00:01|success!
but nothing to do
time use:0s
2018-02-19 03:00:01|success!
but nothing to do
time use:0s
2018-02-20 03:00:01|success!
but nothing to do
time use:0s
2018-02-21 03:00:01|success!
ALTER TABLE `history` ADD PARTITION (PARTITION p2018024 VALUES LESS THAN (1519833600));
ALTER TABLE `history_uint` ADD PARTITION (PARTITION p2018024 VALUES LESS THAN (1519833600));
ALTER TABLE `history_str` ADD PARTITION (PARTITION p2018024 VALUES LESS THAN (1519833600));
ALTER TABLE `history_log` ADD PARTITION (PARTITION p2018024 VALUES LESS THAN (1519833600));
ALTER TABLE `history_text` ADD PARTITION (PARTITION p2018024 VALUES LESS THAN (1519833600));
ALTER TABLE `trends` ADD PARTITION (PARTITION p2018024 VALUES LESS THAN (1519833600));
ALTER TABLE `trends_uint` ADD PARTITION (PARTITION p2018024 VALUES LESS THAN (1519833600));

time use:0s
2018-02-22 03:00:02|success!
but nothing to do
time use:0s
2018-02-23 03:00:01|success!
but nothing to do
time use:0s
2018-02-24 03:00:02|success!
but nothing to do
time use:0s
2018-02-25 03:00:01|success!
but nothing to do
time use:0s
2018-02-26 03:00:01|success!
but nothing to do
time use:0s
2018-02-27 03:00:02|success!
but nothing to do
time use:0s
2018-02-28 03:00:01|success!
ALTER TABLE `history` ADD PARTITION (PARTITION p2018031 VALUES LESS THAN (1520438400));
ALTER TABLE `history_uint` ADD PARTITION (PARTITION p2018031 VALUES LESS THAN (1520438400));
ALTER TABLE `history_str` ADD PARTITION (PARTITION p2018031 VALUES LESS THAN (1520438400));
ALTER TABLE `history_log` ADD PARTITION (PARTITION p2018031 VALUES LESS THAN (1520438400));
ALTER TABLE `history_text` ADD PARTITION (PARTITION p2018031 VALUES LESS THAN (1520438400));
ALTER TABLE `trends` ADD PARTITION (PARTITION p2018031 VALUES LESS THAN (1520438400));
ALTER TABLE `trends_uint` ADD PARTITION (PARTITION p2018031 VALUES LESS THAN (1520438400));

time use:0s
2018-03-01 03:49:10|success!
ALTER TABLE history REORGANIZE PARTITION p2018021,p2018022,p2018023,p2018024 INTO(PARTITION p201802 VALUES LESS THAN (1519833600));
ALTER TABLE history_uint REORGANIZE PARTITION p2018021,p2018022,p2018023,p2018024 INTO(PARTITION p201802 VALUES LESS THAN (1519833600));
ALTER TABLE history_str REORGANIZE PARTITION p2018021,p2018022,p2018023,p2018024 INTO(PARTITION p201802 VALUES LESS THAN (1519833600));
ALTER TABLE history_log REORGANIZE PARTITION p2018021,p2018022,p2018023,p2018024 INTO(PARTITION p201802 VALUES LESS THAN (1519833600));
ALTER TABLE history_text REORGANIZE PARTITION p2018021,p2018022,p2018023,p2018024 INTO(PARTITION p201802 VALUES LESS THAN (1519833600));
ALTER TABLE trends REORGANIZE PARTITION p2018021,p2018022,p2018023,p2018024 INTO(PARTITION p201802 VALUES LESS THAN (1519833600));
ALTER TABLE trends_uint REORGANIZE PARTITION p2018021,p2018022,p2018023,p2018024 INTO(PARTITION p201802 VALUES LESS THAN (1519833600));

time use:2948s
2018-03-02 03:00:02|success!
but nothing to do
time use:0s
2018-03-03 03:00:02|success!
but nothing to do
time use:1s
2018-03-04 03:00:01|success!
but nothing to do
time use:0s
2018-03-05 03:00:01|success!
but nothing to do
time use:0s
2018-03-06 03:00:02|success!
but nothing to do
time use:0s
2018-03-07 03:00:02|success!
ALTER TABLE `history` ADD PARTITION (PARTITION p2018032 VALUES LESS THAN (1521043200));
ALTER TABLE `history_uint` ADD PARTITION (PARTITION p2018032 VALUES LESS THAN (1521043200));
ALTER TABLE `history_str` ADD PARTITION (PARTITION p2018032 VALUES LESS THAN (1521043200));
ALTER TABLE `history_log` ADD PARTITION (PARTITION p2018032 VALUES LESS THAN (1521043200));
ALTER TABLE `history_text` ADD PARTITION (PARTITION p2018032 VALUES LESS THAN (1521043200));
ALTER TABLE `trends` ADD PARTITION (PARTITION p2018032 VALUES LESS THAN (1521043200));
ALTER TABLE `trends_uint` ADD PARTITION (PARTITION p2018032 VALUES LESS THAN (1521043200));

time use:1s
2018-03-08 03:00:01|success!
but nothing to do
time use:0s
2018-03-09 03:00:01|success!
but nothing to do
time use:0s
2018-03-10 03:00:01|success!
but nothing to do
time use:0s
2018-03-11 03:00:02|success!
but nothing to do
time use:0s
2018-03-12 03:00:02|success!
but nothing to do
time use:1s
2018-03-13 03:00:01|success!
but nothing to do
time use:0s
2018-03-14 03:00:02|success!
ALTER TABLE `history` ADD PARTITION (PARTITION p2018033 VALUES LESS THAN (1521648000));
ALTER TABLE `history_uint` ADD PARTITION (PARTITION p2018033 VALUES LESS THAN (1521648000));
ALTER TABLE `history_str` ADD PARTITION (PARTITION p2018033 VALUES LESS THAN (1521648000));
ALTER TABLE `history_log` ADD PARTITION (PARTITION p2018033 VALUES LESS THAN (1521648000));
ALTER TABLE `history_text` ADD PARTITION (PARTITION p2018033 VALUES LESS THAN (1521648000));
ALTER TABLE `trends` ADD PARTITION (PARTITION p2018033 VALUES LESS THAN (1521648000));
ALTER TABLE `trends_uint` ADD PARTITION (PARTITION p2018033 VALUES LESS THAN (1521648000));

time use:1s
2018-03-15 03:00:02|success!
but nothing to do
time use:1s
2018-03-16 03:00:01|success!
but nothing to do
time use:0s
2018-03-17 03:00:01|success!
but nothing to do
time use:0s
2018-03-18 03:00:01|success!
but nothing to do
time use:0s
2018-03-19 03:00:01|success!
but nothing to do
time use:0s
2018-03-20 03:00:01|success!
but nothing to do
time use:0s
2018-03-21 03:00:01|success!
ALTER TABLE `history` ADD PARTITION (PARTITION p2018034 VALUES LESS THAN (1522252800));
ALTER TABLE `history_uint` ADD PARTITION (PARTITION p2018034 VALUES LESS THAN (1522252800));
ALTER TABLE `history_str` ADD PARTITION (PARTITION p2018034 VALUES LESS THAN (1522252800));
ALTER TABLE `history_log` ADD PARTITION (PARTITION p2018034 VALUES LESS THAN (1522252800));
ALTER TABLE `history_text` ADD PARTITION (PARTITION p2018034 VALUES LESS THAN (1522252800));
ALTER TABLE `trends` ADD PARTITION (PARTITION p2018034 VALUES LESS THAN (1522252800));
ALTER TABLE `trends_uint` ADD PARTITION (PARTITION p2018034 VALUES LESS THAN (1522252800));

time use:0s
2018-03-22 03:00:01|success!
but nothing to do
time use:0s
2018-03-23 03:00:01|success!
but nothing to do
time use:0s
2018-03-24 03:00:02|success!
but nothing to do
time use:1s
2018-03-25 03:00:01|success!
but nothing to do
time use:0s
2018-03-26 03:00:02|success!
but nothing to do
time use:1s
2018-03-27 03:00:01|success!
but nothing to do
time use:0s
2018-03-28 03:00:02|success!
ALTER TABLE `history` ADD PARTITION (PARTITION p2018035 VALUES LESS THAN (1522512000));
ALTER TABLE `history_uint` ADD PARTITION (PARTITION p2018035 VALUES LESS THAN (1522512000));
ALTER TABLE `history_str` ADD PARTITION (PARTITION p2018035 VALUES LESS THAN (1522512000));
ALTER TABLE `history_log` ADD PARTITION (PARTITION p2018035 VALUES LESS THAN (1522512000));
ALTER TABLE `history_text` ADD PARTITION (PARTITION p2018035 VALUES LESS THAN (1522512000));
ALTER TABLE `trends` ADD PARTITION (PARTITION p2018035 VALUES LESS THAN (1522512000));
ALTER TABLE `trends_uint` ADD PARTITION (PARTITION p2018035 VALUES LESS THAN (1522512000));

time use:1s
2018-03-29 03:00:02|success!
but nothing to do
time use:1s
2018-03-30 03:00:02|success!
but nothing to do
time use:1s
2018-03-31 03:00:11|success!
ALTER TABLE `history` ADD PARTITION (PARTITION p2018041 VALUES LESS THAN (1523116800));
ALTER TABLE `history_uint` ADD PARTITION (PARTITION p2018041 VALUES LESS THAN (1523116800));
ALTER TABLE `history_str` ADD PARTITION (PARTITION p2018041 VALUES LESS THAN (1523116800));
ALTER TABLE `history_log` ADD PARTITION (PARTITION p2018041 VALUES LESS THAN (1523116800));
ALTER TABLE `history_text` ADD PARTITION (PARTITION p2018041 VALUES LESS THAN (1523116800));
ALTER TABLE `trends` ADD PARTITION (PARTITION p2018041 VALUES LESS THAN (1523116800));
ALTER TABLE `trends_uint` ADD PARTITION (PARTITION p2018041 VALUES LESS THAN (1523116800));

time use:10s
2018-04-01 03:55:50|success!
ALTER TABLE history REORGANIZE PARTITION p2018031,p2018032,p2018033,p2018034,p2018035 INTO(PARTITION p201803 VALUES LESS THAN (1522512000));
ALTER TABLE history_uint REORGANIZE PARTITION p2018031,p2018032,p2018033,p2018034,p2018035 INTO(PARTITION p201803 VALUES LESS THAN (1522512000));
ALTER TABLE history_str REORGANIZE PARTITION p2018031,p2018032,p2018033,p2018034,p2018035 INTO(PARTITION p201803 VALUES LESS THAN (1522512000));
ALTER TABLE history_log REORGANIZE PARTITION p2018031,p2018032,p2018033,p2018034,p2018035 INTO(PARTITION p201803 VALUES LESS THAN (1522512000));
ALTER TABLE history_text REORGANIZE PARTITION p2018031,p2018032,p2018033,p2018034,p2018035 INTO(PARTITION p201803 VALUES LESS THAN (1522512000));
ALTER TABLE trends REORGANIZE PARTITION p2018031,p2018032,p2018033,p2018034,p2018035 INTO(PARTITION p201803 VALUES LESS THAN (1522512000));
ALTER TABLE trends_uint REORGANIZE PARTITION p2018031,p2018032,p2018033,p2018034,p2018035 INTO(PARTITION p201803 VALUES LESS THAN (1522512000));

time use:3349s
2018-04-02 03:00:01|success!
but nothing to do
time use:0s
2018-04-03 03:00:01|success!
but nothing to do
time use:0s
2018-04-04 03:00:01|success!
but nothing to do
time use:0s
2018-04-05 03:00:01|success!
but nothing to do
time use:0s
2018-04-06 03:00:02|success!
but nothing to do
time use:1s
2018-04-07 03:00:01|success!
ALTER TABLE `history` ADD PARTITION (PARTITION p2018042 VALUES LESS THAN (1523721600));
ALTER TABLE `history_uint` ADD PARTITION (PARTITION p2018042 VALUES LESS THAN (1523721600));
ALTER TABLE `history_str` ADD PARTITION (PARTITION p2018042 VALUES LESS THAN (1523721600));
ALTER TABLE `history_log` ADD PARTITION (PARTITION p2018042 VALUES LESS THAN (1523721600));
ALTER TABLE `history_text` ADD PARTITION (PARTITION p2018042 VALUES LESS THAN (1523721600));
ALTER TABLE `trends` ADD PARTITION (PARTITION p2018042 VALUES LESS THAN (1523721600));
ALTER TABLE `trends_uint` ADD PARTITION (PARTITION p2018042 VALUES LESS THAN (1523721600));

time use:0s
2018-04-08 03:00:01|success!
but nothing to do
time use:0s
2018-04-09 03:00:02|success!
but nothing to do
time use:1s
2018-04-10 03:00:01|success!
but nothing to do
time use:0s
2018-04-11 03:00:01|success!
but nothing to do
time use:0s
2018-04-12 03:00:01|success!
but nothing to do
time use:0s
2018-04-13 03:00:01|success!
but nothing to do
time use:0s
2018-04-14 03:00:01|success!
ALTER TABLE `history` ADD PARTITION (PARTITION p2018043 VALUES LESS THAN (1524326400));
ALTER TABLE `history_uint` ADD PARTITION (PARTITION p2018043 VALUES LESS THAN (1524326400));
ALTER TABLE `history_str` ADD PARTITION (PARTITION p2018043 VALUES LESS THAN (1524326400));
ALTER TABLE `history_log` ADD PARTITION (PARTITION p2018043 VALUES LESS THAN (1524326400));
ALTER TABLE `history_text` ADD PARTITION (PARTITION p2018043 VALUES LESS THAN (1524326400));
ALTER TABLE `trends` ADD PARTITION (PARTITION p2018043 VALUES LESS THAN (1524326400));
ALTER TABLE `trends_uint` ADD PARTITION (PARTITION p2018043 VALUES LESS THAN (1524326400));

time use:0s
2018-04-15 03:00:02|success!
but nothing to do
time use:0s
2018-04-16 03:00:01|success!
but nothing to do
time use:0s
2018-04-17 03:00:01|success!
but nothing to do
time use:0s
2018-04-18 03:00:02|success!
but nothing to do
time use:0s
2018-04-19 03:00:01|success!
but nothing to do
time use:0s
2018-04-20 03:00:01|success!
but nothing to do
time use:0s
2018-04-21 03:00:02|success!
ALTER TABLE `history` ADD PARTITION (PARTITION p2018044 VALUES LESS THAN (1524931200));
ALTER TABLE `history_uint` ADD PARTITION (PARTITION p2018044 VALUES LESS THAN (1524931200));
ALTER TABLE `history_str` ADD PARTITION (PARTITION p2018044 VALUES LESS THAN (1524931200));
ALTER TABLE `history_log` ADD PARTITION (PARTITION p2018044 VALUES LESS THAN (1524931200));
ALTER TABLE `history_text` ADD PARTITION (PARTITION p2018044 VALUES LESS THAN (1524931200));
ALTER TABLE `trends` ADD PARTITION (PARTITION p2018044 VALUES LESS THAN (1524931200));
ALTER TABLE `trends_uint` ADD PARTITION (PARTITION p2018044 VALUES LESS THAN (1524931200));

time use:1s
2018-04-22 03:00:01|success!
but nothing to do
time use:0s
2018-04-23 03:00:02|success!
but nothing to do
time use:0s
2018-04-24 03:00:01|success!
but nothing to do
time use:0s
2018-04-25 03:00:01|success!
but nothing to do
time use:0s
2018-04-26 03:00:02|success!
but nothing to do
time use:1s
2018-04-27 03:00:02|success!
but nothing to do
time use:1s
