---------------------------------------------------------------
[ 2018-05-04T11:29:31+08:00 ] 127.0.0.1 GET /public/index.php/task/Check/check
[ info ] localhost:8081/public/index.php/task/Check/check [运行时间：0.084064s][吞吐率：11.90req/s] [内存消耗：2,426.91kb] [文件加载：50]
[ info ] [ LANG ] /home/tutu/Project/tools/thinkphp/lang/zh-cn.php
[ info ] [ ROUTE ] array (
  'type' => 'module',
  'module' => 
  array (
    0 => 'task',
    1 => 'Check',
    2 => 'check',
  ),
)
[ info ] [ HEADER ] array (
  'host' => 'localhost:8081',
  'user-agent' => 'Mozilla/5.0 (X11; Ubuntu; Linux x86_64; rv:59.0) Gecko/20100101 Firefox/59.0',
  'accept' => 'text/html,application/xhtml+xml,application/xml;q=0.9,*/*;q=0.8',
  'accept-language' => 'en-US,en;q=0.5',
  'accept-encoding' => 'gzip, deflate',
  'cookie' => 'zbx_sessionid=f52f586aea53545701ed6156a3892505; Phpstorm-2383b15=40b978d2-1578-42b4-8445-5cd55e64ef0d; UserID=admin; UserPWD=Ndj%40123456; IsRemember=on; pgv_pvi=1983248384; zbx_sessionid=4ef751615d897858d28506b0d5b49e27',
  'connection' => 'keep-alive',
  'upgrade-insecure-requests' => '1',
)
[ info ] [ PARAM ] array (
)
[ info ] [ RUN ] app\task\controller\Check->check[ /home/tutu/Project/tools/application/task/controller/Check.php ]
[ info ] [ LOG ] INIT File
[ error ] [2]passthru(): Cannot execute a blank command[/home/tutu/Project/tools/application/task/controller/Check.php:32]
---------------------------------------------------------------
[ 2018-05-04T11:29:41+08:00 ] 127.0.0.1 GET /public/index.php/task/Check/check?token1=1&token=ls
[ info ] localhost:8081/public/index.php/task/Check/check?token1=1&token=ls [运行时间：0.052612s][吞吐率：19.01req/s] [内存消耗：2,322.61kb] [文件加载：46]
[ info ] [ LANG ] /home/tutu/Project/tools/thinkphp/lang/zh-cn.php
[ info ] [ ROUTE ] array (
  'type' => 'module',
  'module' => 
  array (
    0 => 'task',
    1 => 'Check',
    2 => 'check',
  ),
)
[ info ] [ HEADER ] array (
  'host' => 'localhost:8081',
  'user-agent' => 'Mozilla/5.0 (X11; Ubuntu; Linux x86_64; rv:59.0) Gecko/20100101 Firefox/59.0',
  'accept' => 'text/html,application/xhtml+xml,application/xml;q=0.9,*/*;q=0.8',
  'accept-language' => 'en-US,en;q=0.5',
  'accept-encoding' => 'gzip, deflate',
  'cookie' => 'thinkphp_show_page_trace=0|0; zbx_sessionid=f52f586aea53545701ed6156a3892505; Phpstorm-2383b15=40b978d2-1578-42b4-8445-5cd55e64ef0d; UserID=admin; UserPWD=Ndj%40123456; IsRemember=on; pgv_pvi=1983248384; zbx_sessionid=4ef751615d897858d28506b0d5b49e27',
  'connection' => 'keep-alive',
  'upgrade-insecure-requests' => '1',
)
[ info ] [ PARAM ] array (
  'token1' => '1',
  'token' => 'ls',
)
[ info ] [ RUN ] app\task\controller\Check->check[ /home/tutu/Project/tools/application/task/controller/Check.php ]
[ info ] [ LOG ] INIT File
---------------------------------------------------------------
[ 2018-05-04T11:31:08+08:00 ] 127.0.0.1 GET /public/index.php/task/Check/check?token1=1&token=ls
[ info ] localhost:8081/public/index.php/task/Check/check?token1=1&token=ls [运行时间：0.053351s][吞吐率：18.74req/s] [内存消耗：2,324.21kb] [文件加载：46]
[ info ] [ LANG ] /home/tutu/Project/tools/thinkphp/lang/zh-cn.php
[ info ] [ ROUTE ] array (
  'type' => 'module',
  'module' => 
  array (
    0 => 'task',
    1 => 'Check',
    2 => 'check',
  ),
)
[ info ] [ HEADER ] array (
  'host' => 'localhost:8081',
  'user-agent' => 'Mozilla/5.0 (X11; Ubuntu; Linux x86_64; rv:59.0) Gecko/20100101 Firefox/59.0',
  'accept' => 'text/html,application/xhtml+xml,application/xml;q=0.9,*/*;q=0.8',
  'accept-language' => 'en-US,en;q=0.5',
  'accept-encoding' => 'gzip, deflate',
  'cookie' => 'thinkphp_show_page_trace=0|0; zbx_sessionid=f52f586aea53545701ed6156a3892505; Phpstorm-2383b15=40b978d2-1578-42b4-8445-5cd55e64ef0d; UserID=admin; UserPWD=Ndj%40123456; IsRemember=on; pgv_pvi=1983248384; zbx_sessionid=4ef751615d897858d28506b0d5b49e27',
  'connection' => 'keep-alive',
  'upgrade-insecure-requests' => '1',
  'cache-control' => 'max-age=0',
)
[ info ] [ PARAM ] array (
  'token1' => '1',
  'token' => 'ls',
)
[ info ] [ RUN ] app\task\controller\Check->check[ /home/tutu/Project/tools/application/task/controller/Check.php ]
[ info ] [ LOG ] INIT File
