---------------------------------------------------------------
[ 2018-05-07T11:23:34+08:00 ] 127.0.0.1 GET /public/index.php/task/Check/
[ info ] localhost:8084/public/index.php/task/Check/ [运行时间：0.048056s][吞吐率：20.81req/s] [内存消耗：2,324.38kb] [文件加载：46]
[ info ] [ LANG ] /home/tutu/Project/tools/thinkphp/lang/zh-cn.php
[ info ] [ ROUTE ] array (
  'type' => 'module',
  'module' => 
  array (
    0 => 'task',
    1 => 'Check',
    2 => NULL,
  ),
)
[ info ] [ HEADER ] array (
  'host' => 'localhost:8084',
  'user-agent' => 'Mozilla/5.0 (X11; Ubuntu; Linux x86_64; rv:59.0) Gecko/20100101 Firefox/59.0',
  'accept' => 'text/html,application/xhtml+xml,application/xml;q=0.9,*/*;q=0.8',
  'accept-language' => 'en-US,en;q=0.5',
  'accept-encoding' => 'gzip, deflate',
  'cookie' => 'thinkphp_show_page_trace=0|0; zbx_sessionid=f52f586aea53545701ed6156a3892505; Phpstorm-2383b15=40b978d2-1578-42b4-8445-5cd55e64ef0d; UserID=admin; UserPWD=Ndj%40123456; IsRemember=on; pgv_pvi=1983248384; zbx_sessionid=4ef751615d897858d28506b0d5b49e27; PHPSESSID=ovs4ii6rhpt4kot24j8a0lk4ll; from=227',
  'connection' => 'keep-alive',
  'upgrade-insecure-requests' => '1',
)
[ info ] [ PARAM ] array (
)
[ info ] [ RUN ] app\task\controller\Check->index[ /home/tutu/Project/tools/application/task/controller/Check.php ]
[ info ] [ LOG ] INIT File
---------------------------------------------------------------
[ 2018-05-07T11:23:46+08:00 ] 127.0.0.1 GET /public/index.php/task/Check/
[ info ] localhost:8084/public/index.php/task/Check/ [运行时间：0.046049s][吞吐率：21.72req/s] [内存消耗：2,324.77kb] [文件加载：46]
[ info ] [ LANG ] /home/tutu/Project/tools/thinkphp/lang/zh-cn.php
[ info ] [ ROUTE ] array (
  'type' => 'module',
  'module' => 
  array (
    0 => 'task',
    1 => 'Check',
    2 => NULL,
  ),
)
[ info ] [ HEADER ] array (
  'host' => 'localhost:8084',
  'user-agent' => 'Mozilla/5.0 (X11; Ubuntu; Linux x86_64; rv:59.0) Gecko/20100101 Firefox/59.0',
  'accept' => 'text/html,application/xhtml+xml,application/xml;q=0.9,*/*;q=0.8',
  'accept-language' => 'en-US,en;q=0.5',
  'accept-encoding' => 'gzip, deflate',
  'cookie' => 'thinkphp_show_page_trace=0|0; zbx_sessionid=f52f586aea53545701ed6156a3892505; Phpstorm-2383b15=40b978d2-1578-42b4-8445-5cd55e64ef0d; UserID=admin; UserPWD=Ndj%40123456; IsRemember=on; pgv_pvi=1983248384; zbx_sessionid=4ef751615d897858d28506b0d5b49e27; PHPSESSID=ovs4ii6rhpt4kot24j8a0lk4ll; from=227',
  'connection' => 'keep-alive',
  'upgrade-insecure-requests' => '1',
  'cache-control' => 'max-age=0',
)
[ info ] [ PARAM ] array (
)
[ info ] [ RUN ] app\task\controller\Check->index[ /home/tutu/Project/tools/application/task/controller/Check.php ]
[ info ] [ LOG ] INIT File
---------------------------------------------------------------
[ 2018-05-07T11:25:30+08:00 ] 127.0.0.1 GET /public/index.php/task/Check/
[ info ] localhost:8084/public/index.php/task/Check/ [运行时间：0.048336s][吞吐率：20.69req/s] [内存消耗：2,412.92kb] [文件加载：46]
[ info ] [ LANG ] /home/tutu/Project/tools/thinkphp/lang/zh-cn.php
[ info ] [ ROUTE ] array (
  'type' => 'module',
  'module' => 
  array (
    0 => 'task',
    1 => 'Check',
    2 => NULL,
  ),
)
[ info ] [ HEADER ] array (
  'host' => 'localhost:8084',
  'user-agent' => 'Mozilla/5.0 (X11; Ubuntu; Linux x86_64; rv:59.0) Gecko/20100101 Firefox/59.0',
  'accept' => 'text/html,application/xhtml+xml,application/xml;q=0.9,*/*;q=0.8',
  'accept-language' => 'en-US,en;q=0.5',
  'accept-encoding' => 'gzip, deflate',
  'cookie' => 'thinkphp_show_page_trace=0|0; zbx_sessionid=f52f586aea53545701ed6156a3892505; Phpstorm-2383b15=40b978d2-1578-42b4-8445-5cd55e64ef0d; UserID=admin; UserPWD=Ndj%40123456; IsRemember=on; pgv_pvi=1983248384; zbx_sessionid=4ef751615d897858d28506b0d5b49e27; PHPSESSID=ovs4ii6rhpt4kot24j8a0lk4ll; from=227',
  'connection' => 'keep-alive',
  'upgrade-insecure-requests' => '1',
  'cache-control' => 'max-age=0',
)
[ info ] [ PARAM ] array (
)
[ info ] [ RUN ] app\task\controller\Check->index[ /home/tutu/Project/tools/application/task/controller/Check.php ]
[ info ] [ LOG ] INIT File
---------------------------------------------------------------
[ 2018-05-07T11:25:40+08:00 ] 127.0.0.1 GET /public/index.php/task/Check/
[ info ] localhost:8084/public/index.php/task/Check/ [运行时间：0.055191s][吞吐率：18.12req/s] [内存消耗：2,412.92kb] [文件加载：46]
[ info ] [ LANG ] /home/tutu/Project/tools/thinkphp/lang/zh-cn.php
[ info ] [ ROUTE ] array (
  'type' => 'module',
  'module' => 
  array (
    0 => 'task',
    1 => 'Check',
    2 => NULL,
  ),
)
[ info ] [ HEADER ] array (
  'host' => 'localhost:8084',
  'user-agent' => 'Mozilla/5.0 (X11; Ubuntu; Linux x86_64; rv:59.0) Gecko/20100101 Firefox/59.0',
  'accept' => 'text/html,application/xhtml+xml,application/xml;q=0.9,*/*;q=0.8',
  'accept-language' => 'en-US,en;q=0.5',
  'accept-encoding' => 'gzip, deflate',
  'cookie' => 'thinkphp_show_page_trace=0|0; zbx_sessionid=f52f586aea53545701ed6156a3892505; Phpstorm-2383b15=40b978d2-1578-42b4-8445-5cd55e64ef0d; UserID=admin; UserPWD=Ndj%40123456; IsRemember=on; pgv_pvi=1983248384; zbx_sessionid=4ef751615d897858d28506b0d5b49e27; PHPSESSID=ovs4ii6rhpt4kot24j8a0lk4ll; from=227',
  'connection' => 'keep-alive',
  'upgrade-insecure-requests' => '1',
  'cache-control' => 'max-age=0',
)
[ info ] [ PARAM ] array (
)
[ info ] [ RUN ] app\task\controller\Check->index[ /home/tutu/Project/tools/application/task/controller/Check.php ]
[ info ] [ LOG ] INIT File
---------------------------------------------------------------
[ 2018-05-07T11:27:23+08:00 ] 127.0.0.1 GET /public/index.php/task/Check/
[ info ] localhost:8084/public/index.php/task/Check/ [运行时间：0.055219s][吞吐率：18.11req/s] [内存消耗：2,412.92kb] [文件加载：46]
[ info ] [ LANG ] /home/tutu/Project/tools/thinkphp/lang/zh-cn.php
[ info ] [ ROUTE ] array (
  'type' => 'module',
  'module' => 
  array (
    0 => 'task',
    1 => 'Check',
    2 => NULL,
  ),
)
[ info ] [ HEADER ] array (
  'host' => 'localhost:8084',
  'user-agent' => 'Mozilla/5.0 (X11; Ubuntu; Linux x86_64; rv:59.0) Gecko/20100101 Firefox/59.0',
  'accept' => 'text/html,application/xhtml+xml,application/xml;q=0.9,*/*;q=0.8',
  'accept-language' => 'en-US,en;q=0.5',
  'accept-encoding' => 'gzip, deflate',
  'cookie' => 'thinkphp_show_page_trace=0|0; zbx_sessionid=f52f586aea53545701ed6156a3892505; Phpstorm-2383b15=40b978d2-1578-42b4-8445-5cd55e64ef0d; UserID=admin; UserPWD=Ndj%40123456; IsRemember=on; pgv_pvi=1983248384; zbx_sessionid=4ef751615d897858d28506b0d5b49e27; PHPSESSID=ovs4ii6rhpt4kot24j8a0lk4ll; from=227; addC=234',
  'connection' => 'keep-alive',
  'upgrade-insecure-requests' => '1',
  'cache-control' => 'max-age=0',
)
[ info ] [ PARAM ] array (
)
[ info ] [ RUN ] app\task\controller\Check->index[ /home/tutu/Project/tools/application/task/controller/Check.php ]
[ info ] [ LOG ] INIT File
---------------------------------------------------------------
[ 2018-05-07T12:01:17+08:00 ] 127.0.0.1 GET /public/index.php
[ info ] localhost:8084/public/index.php [运行时间：0.058004s][吞吐率：17.24req/s] [内存消耗：2,010.98kb] [文件加载：40]
[ info ] [ LANG ] /home/tutu/Project/tools/thinkphp/lang/zh-cn.php
[ info ] [ ROUTE ] array (
  'type' => 'module',
  'module' => 
  array (
    0 => '',
    1 => NULL,
    2 => NULL,
  ),
)
[ info ] [ HEADER ] array (
  'host' => 'localhost:8084',
  'user-agent' => 'Mozilla/5.0 (X11; Ubuntu; Linux x86_64; rv:59.0) Gecko/20100101 Firefox/59.0',
  'accept' => 'text/html,application/xhtml+xml,application/xml;q=0.9,*/*;q=0.8',
  'accept-language' => 'en-US,en;q=0.5',
  'accept-encoding' => 'gzip, deflate',
  'cookie' => 'zbx_sessionid=f52f586aea53545701ed6156a3892505; Phpstorm-2383b15=40b978d2-1578-42b4-8445-5cd55e64ef0d; UserID=admin; UserPWD=Ndj%40123456; IsRemember=on; pgv_pvi=1983248384; zbx_sessionid=4ef751615d897858d28506b0d5b49e27',
  'connection' => 'keep-alive',
  'upgrade-insecure-requests' => '1',
)
[ info ] [ PARAM ] array (
)
[ info ] [ RUN ] app\index\controller\Index->index[ /home/tutu/Project/tools/application/index/controller/Index.php ]
[ info ] [ LOG ] INIT File
---------------------------------------------------------------
[ 2018-05-07T13:28:23+08:00 ] 127.0.0.1 GET /public/index.php
[ info ] localhost:8084/public/index.php [运行时间：0.042009s][吞吐率：23.80req/s] [内存消耗：2,011.94kb] [文件加载：40]
[ info ] [ LANG ] /home/tutu/Project/tools/thinkphp/lang/zh-cn.php
[ info ] [ ROUTE ] array (
  'type' => 'module',
  'module' => 
  array (
    0 => '',
    1 => NULL,
    2 => NULL,
  ),
)
[ info ] [ HEADER ] array (
  'host' => 'localhost:8084',
  'user-agent' => 'Mozilla/5.0 (X11; Ubuntu; Linux x86_64; rv:59.0) Gecko/20100101 Firefox/59.0',
  'accept' => 'text/html,application/xhtml+xml,application/xml;q=0.9,*/*;q=0.8',
  'accept-language' => 'en-US,en;q=0.5',
  'accept-encoding' => 'gzip, deflate',
  'cookie' => 'zbx_sessionid=f52f586aea53545701ed6156a3892505; thinkphp_show_page_trace=0|0; Phpstorm-2383b15=40b978d2-1578-42b4-8445-5cd55e64ef0d; UserID=admin; UserPWD=Ndj%40123456; IsRemember=on; pgv_pvi=1983248384; zbx_sessionid=4ef751615d897858d28506b0d5b49e27',
  'connection' => 'keep-alive',
  'upgrade-insecure-requests' => '1',
  'cache-control' => 'max-age=0',
)
[ info ] [ PARAM ] array (
)
[ info ] [ RUN ] app\index\controller\Index->index[ /home/tutu/Project/tools/application/index/controller/Index.php ]
[ info ] [ LOG ] INIT File
---------------------------------------------------------------
[ 2018-05-07T13:50:00+08:00 ] 127.0.0.1 GET /public/index.php
[ info ] localhost:8084/public/index.php [运行时间：0.062624s][吞吐率：15.97req/s] [内存消耗：2,010.98kb] [文件加载：40]
[ info ] [ LANG ] /home/tutu/Project/tools/thinkphp/lang/zh-cn.php
[ info ] [ ROUTE ] array (
  'type' => 'module',
  'module' => 
  array (
    0 => '',
    1 => NULL,
    2 => NULL,
  ),
)
[ info ] [ HEADER ] array (
  'host' => 'localhost:8084',
  'user-agent' => 'Mozilla/5.0 (X11; Ubuntu; Linux x86_64; rv:59.0) Gecko/20100101 Firefox/59.0',
  'accept' => 'text/html,application/xhtml+xml,application/xml;q=0.9,*/*;q=0.8',
  'accept-language' => 'en-US,en;q=0.5',
  'accept-encoding' => 'gzip, deflate',
  'cookie' => 'zbx_sessionid=f52f586aea53545701ed6156a3892505; Phpstorm-2383b15=40b978d2-1578-42b4-8445-5cd55e64ef0d; UserID=admin; UserPWD=Ndj%40123456; IsRemember=on; pgv_pvi=1983248384; zbx_sessionid=4ef751615d897858d28506b0d5b49e27',
  'connection' => 'keep-alive',
  'upgrade-insecure-requests' => '1',
)
[ info ] [ PARAM ] array (
)
[ info ] [ RUN ] app\index\controller\Index->index[ /home/tutu/Project/tools/application/index/controller/Index.php ]
[ info ] [ LOG ] INIT File
---------------------------------------------------------------
[ 2018-05-07T13:53:44+08:00 ] 127.0.0.1 GET /public/index.php/task/Check
[ info ] localhost:8084/public/index.php/task/Check [运行时间：0.051920s][吞吐率：19.26req/s] [内存消耗：2,049.01kb] [文件加载：42]
[ info ] [ LANG ] /home/tutu/Project/tools/thinkphp/lang/zh-cn.php
[ info ] [ ROUTE ] array (
  'type' => 'module',
  'module' => 
  array (
    0 => 'task',
    1 => 'Check',
    2 => NULL,
  ),
)
[ info ] [ HEADER ] array (
  'host' => 'localhost:8084',
  'user-agent' => 'Mozilla/5.0 (X11; Ubuntu; Linux x86_64; rv:59.0) Gecko/20100101 Firefox/59.0',
  'accept' => 'text/html,application/xhtml+xml,application/xml;q=0.9,*/*;q=0.8',
  'accept-language' => 'en-US,en;q=0.5',
  'accept-encoding' => 'gzip, deflate',
  'cookie' => 'zbx_sessionid=f52f586aea53545701ed6156a3892505; thinkphp_show_page_trace=0|0; Phpstorm-2383b15=40b978d2-1578-42b4-8445-5cd55e64ef0d; UserID=admin; UserPWD=Ndj%40123456; IsRemember=on; pgv_pvi=1983248384; zbx_sessionid=4ef751615d897858d28506b0d5b49e27',
  'connection' => 'keep-alive',
  'upgrade-insecure-requests' => '1',
)
[ info ] [ PARAM ] array (
)
[ info ] [ LOG ] INIT File
[ error ] [0]语法解析错误: syntax error, unexpected '}'[/home/tutu/Project/tools/application/task/controller/Check.php:38]
---------------------------------------------------------------
[ 2018-05-07T13:55:41+08:00 ] 127.0.0.1 GET /public/index.php/task/Check
[ info ] localhost:8084/public/index.php/task/Check [运行时间：0.062362s][吞吐率：16.04req/s] [内存消耗：2,414.49kb] [文件加载：46]
[ info ] [ LANG ] /home/tutu/Project/tools/thinkphp/lang/zh-cn.php
[ info ] [ ROUTE ] array (
  'type' => 'module',
  'module' => 
  array (
    0 => 'task',
    1 => 'Check',
    2 => NULL,
  ),
)
[ info ] [ HEADER ] array (
  'host' => 'localhost:8084',
  'user-agent' => 'Mozilla/5.0 (X11; Ubuntu; Linux x86_64; rv:59.0) Gecko/20100101 Firefox/59.0',
  'accept' => 'text/html,application/xhtml+xml,application/xml;q=0.9,*/*;q=0.8',
  'accept-language' => 'en-US,en;q=0.5',
  'accept-encoding' => 'gzip, deflate',
  'cookie' => 'thinkphp_show_page_trace=0|0; zbx_sessionid=f52f586aea53545701ed6156a3892505; thinkphp_show_page_trace=0|0; Phpstorm-2383b15=40b978d2-1578-42b4-8445-5cd55e64ef0d; UserID=admin; UserPWD=Ndj%40123456; IsRemember=on; pgv_pvi=1983248384; zbx_sessionid=4ef751615d897858d28506b0d5b49e27',
  'connection' => 'keep-alive',
  'upgrade-insecure-requests' => '1',
  'cache-control' => 'max-age=0',
)
[ info ] [ PARAM ] array (
)
[ info ] [ RUN ] app\task\controller\Check->index[ /home/tutu/Project/tools/application/task/controller/Check.php ]
[ info ] [ LOG ] INIT File
---------------------------------------------------------------
[ 2018-05-07T13:59:18+08:00 ] 127.0.0.1 GET /public/index.php/task/Check
[ info ] localhost:8084/public/index.php/task/Check [运行时间：0.045635s][吞吐率：21.91req/s] [内存消耗：2,422.88kb] [文件加载：47]
[ info ] [ LANG ] /home/tutu/Project/tools/thinkphp/lang/zh-cn.php
[ info ] [ ROUTE ] array (
  'type' => 'module',
  'module' => 
  array (
    0 => 'task',
    1 => 'Check',
    2 => NULL,
  ),
)
[ info ] [ HEADER ] array (
  'host' => 'localhost:8084',
  'user-agent' => 'Mozilla/5.0 (X11; Ubuntu; Linux x86_64; rv:59.0) Gecko/20100101 Firefox/59.0',
  'accept' => 'text/html,application/xhtml+xml,application/xml;q=0.9,*/*;q=0.8',
  'accept-language' => 'en-US,en;q=0.5',
  'accept-encoding' => 'gzip, deflate',
  'cookie' => 'thinkphp_show_page_trace=0|0; zbx_sessionid=f52f586aea53545701ed6156a3892505; thinkphp_show_page_trace=0|0; Phpstorm-2383b15=40b978d2-1578-42b4-8445-5cd55e64ef0d; UserID=admin; UserPWD=Ndj%40123456; IsRemember=on; pgv_pvi=1983248384; zbx_sessionid=4ef751615d897858d28506b0d5b49e27',
  'connection' => 'keep-alive',
  'upgrade-insecure-requests' => '1',
  'cache-control' => 'max-age=0',
)
[ info ] [ PARAM ] array (
)
[ info ] [ RUN ] app\task\controller\Check->index[ /home/tutu/Project/tools/application/task/controller/Check.php ]
[ info ] [ LOG ] INIT File
---------------------------------------------------------------
[ 2018-05-07T13:59:35+08:00 ] 127.0.0.1 GET /public/index.php/task/Check
[ info ] localhost:8084/public/index.php/task/Check [运行时间：0.048447s][吞吐率：20.64req/s] [内存消耗：2,422.66kb] [文件加载：47]
[ info ] [ LANG ] /home/tutu/Project/tools/thinkphp/lang/zh-cn.php
[ info ] [ ROUTE ] array (
  'type' => 'module',
  'module' => 
  array (
    0 => 'task',
    1 => 'Check',
    2 => NULL,
  ),
)
[ info ] [ HEADER ] array (
  'host' => 'localhost:8084',
  'user-agent' => 'Mozilla/5.0 (X11; Ubuntu; Linux x86_64; rv:59.0) Gecko/20100101 Firefox/59.0',
  'accept' => 'text/html,application/xhtml+xml,application/xml;q=0.9,*/*;q=0.8',
  'accept-language' => 'en-US,en;q=0.5',
  'accept-encoding' => 'gzip, deflate',
  'cookie' => 'thinkphp_show_page_trace=0|0; zbx_sessionid=f52f586aea53545701ed6156a3892505; thinkphp_show_page_trace=0|0; Phpstorm-2383b15=40b978d2-1578-42b4-8445-5cd55e64ef0d; UserID=admin; UserPWD=Ndj%40123456; IsRemember=on; pgv_pvi=1983248384; zbx_sessionid=4ef751615d897858d28506b0d5b49e27; fromwhere=227',
  'connection' => 'keep-alive',
  'upgrade-insecure-requests' => '1',
  'cache-control' => 'max-age=0',
)
[ info ] [ PARAM ] array (
)
[ info ] [ RUN ] app\task\controller\Check->index[ /home/tutu/Project/tools/application/task/controller/Check.php ]
[ info ] [ LOG ] INIT File
---------------------------------------------------------------
[ 2018-05-07T14:01:11+08:00 ] 127.0.0.1 GET /public/index.php/task/Check
[ info ] localhost:8084/public/index.php/task/Check [运行时间：0.047018s][吞吐率：21.27req/s] [内存消耗：2,422.66kb] [文件加载：47]
[ info ] [ LANG ] /home/tutu/Project/tools/thinkphp/lang/zh-cn.php
[ info ] [ ROUTE ] array (
  'type' => 'module',
  'module' => 
  array (
    0 => 'task',
    1 => 'Check',
    2 => NULL,
  ),
)
[ info ] [ HEADER ] array (
  'host' => 'localhost:8084',
  'user-agent' => 'Mozilla/5.0 (X11; Ubuntu; Linux x86_64; rv:59.0) Gecko/20100101 Firefox/59.0',
  'accept' => 'text/html,application/xhtml+xml,application/xml;q=0.9,*/*;q=0.8',
  'accept-language' => 'en-US,en;q=0.5',
  'accept-encoding' => 'gzip, deflate',
  'cookie' => 'thinkphp_show_page_trace=0|0; zbx_sessionid=f52f586aea53545701ed6156a3892505; thinkphp_show_page_trace=0|0; Phpstorm-2383b15=40b978d2-1578-42b4-8445-5cd55e64ef0d; UserID=admin; UserPWD=Ndj%40123456; IsRemember=on; pgv_pvi=1983248384; zbx_sessionid=4ef751615d897858d28506b0d5b49e27; fromwhere=227',
  'connection' => 'keep-alive',
  'upgrade-insecure-requests' => '1',
  'cache-control' => 'max-age=0',
)
[ info ] [ PARAM ] array (
)
[ info ] [ RUN ] app\task\controller\Check->index[ /home/tutu/Project/tools/application/task/controller/Check.php ]
[ info ] [ LOG ] INIT File
---------------------------------------------------------------
[ 2018-05-07T14:03:06+08:00 ] 127.0.0.1 GET /public/index.php/task/Check
[ info ] localhost:8084/public/index.php/task/Check [运行时间：0.049170s][吞吐率：20.34req/s] [内存消耗：2,327.96kb] [文件加载：46]
[ info ] [ LANG ] /home/tutu/Project/tools/thinkphp/lang/zh-cn.php
[ info ] [ ROUTE ] array (
  'type' => 'module',
  'module' => 
  array (
    0 => 'task',
    1 => 'Check',
    2 => NULL,
  ),
)
[ info ] [ HEADER ] array (
  'host' => 'localhost:8084',
  'user-agent' => 'Mozilla/5.0 (X11; Ubuntu; Linux x86_64; rv:59.0) Gecko/20100101 Firefox/59.0',
  'accept' => 'text/html,application/xhtml+xml,application/xml;q=0.9,*/*;q=0.8',
  'accept-language' => 'en-US,en;q=0.5',
  'accept-encoding' => 'gzip, deflate',
  'cookie' => 'thinkphp_show_page_trace=0|0; zbx_sessionid=f52f586aea53545701ed6156a3892505; thinkphp_show_page_trace=0|0; Phpstorm-2383b15=40b978d2-1578-42b4-8445-5cd55e64ef0d; UserID=admin; UserPWD=Ndj%40123456; IsRemember=on; pgv_pvi=1983248384; zbx_sessionid=4ef751615d897858d28506b0d5b49e27; fromwhere=227',
  'connection' => 'keep-alive',
  'upgrade-insecure-requests' => '1',
  'cache-control' => 'max-age=0',
)
[ info ] [ PARAM ] array (
)
[ info ] [ RUN ] app\task\controller\Check->index[ /home/tutu/Project/tools/application/task/controller/Check.php ]
[ info ] [ LOG ] INIT File
---------------------------------------------------------------
[ 2018-05-07T14:05:57+08:00 ] 192.168.1.227 GET /public/index.php/task/Check
[ info ] 192.168.1.227:8084/public/index.php/task/Check [运行时间：0.052763s][吞吐率：18.95req/s] [内存消耗：2,326.17kb] [文件加载：46]
[ info ] [ LANG ] /home/tutu/Project/tools/thinkphp/lang/zh-cn.php
[ info ] [ ROUTE ] array (
  'type' => 'module',
  'module' => 
  array (
    0 => 'task',
    1 => 'Check',
    2 => NULL,
  ),
)
[ info ] [ HEADER ] array (
  'host' => '192.168.1.227:8084',
  'user-agent' => 'Mozilla/5.0 (X11; Ubuntu; Linux x86_64; rv:59.0) Gecko/20100101 Firefox/59.0',
  'accept' => 'text/html,application/xhtml+xml,application/xml;q=0.9,*/*;q=0.8',
  'accept-language' => 'en-US,en;q=0.5',
  'accept-encoding' => 'gzip, deflate',
  'connection' => 'keep-alive',
  'upgrade-insecure-requests' => '1',
)
[ info ] [ PARAM ] array (
)
[ info ] [ RUN ] app\task\controller\Check->index[ /home/tutu/Project/tools/application/task/controller/Check.php ]
[ info ] [ LOG ] INIT File
---------------------------------------------------------------
[ 2018-05-07T14:06:02+08:00 ] 192.168.1.147 GET /public/index.php/task/Check
[ info ] 192.168.1.227:8084/public/index.php/task/Check [运行时间：0.048239s][吞吐率：20.73req/s] [内存消耗：2,325.76kb] [文件加载：46]
[ info ] [ LANG ] /home/tutu/Project/tools/thinkphp/lang/zh-cn.php
[ info ] [ ROUTE ] array (
  'type' => 'module',
  'module' => 
  array (
    0 => 'task',
    1 => 'Check',
    2 => NULL,
  ),
)
[ info ] [ HEADER ] array (
  'host' => '192.168.1.227:8084',
  'user-agent' => 'Mozilla/5.0 (X11; Linux x86_64; rv:45.0) Gecko/20100101 Firefox/45.0',
  'accept' => 'text/html,application/xhtml+xml,application/xml;q=0.9,*/*;q=0.8',
  'accept-language' => 'en-US,en;q=0.5',
  'accept-encoding' => 'gzip, deflate',
  'connection' => 'keep-alive',
)
[ info ] [ PARAM ] array (
)
[ info ] [ RUN ] app\task\controller\Check->index[ /home/tutu/Project/tools/application/task/controller/Check.php ]
[ info ] [ LOG ] INIT File
---------------------------------------------------------------
[ 2018-05-07T14:17:06+08:00 ] 192.168.1.147 GET /public/index.php/task/Check
[ info ] 192.168.1.227:8084/public/index.php/task/Check [运行时间：0.071307s][吞吐率：14.02req/s] [内存消耗：2,438.95kb] [文件加载：50]
[ info ] [ LANG ] /home/tutu/Project/tools/thinkphp/lang/zh-cn.php
[ info ] [ ROUTE ] array (
  'type' => 'module',
  'module' => 
  array (
    0 => 'task',
    1 => 'Check',
    2 => NULL,
  ),
)
[ info ] [ HEADER ] array (
  'host' => '192.168.1.227:8084',
  'user-agent' => 'Mozilla/5.0 (X11; Linux x86_64; rv:45.0) Gecko/20100101 Firefox/45.0',
  'accept' => 'text/html,application/xhtml+xml,application/xml;q=0.9,*/*;q=0.8',
  'accept-language' => 'en-US,en;q=0.5',
  'accept-encoding' => 'gzip, deflate',
  'cookie' => 'thinkphp_show_page_trace=0|0',
  'connection' => 'keep-alive',
  'cache-control' => 'max-age=0',
)
[ info ] [ PARAM ] array (
)
[ info ] [ RUN ] app\task\controller\Check->index[ /home/tutu/Project/tools/application/task/controller/Check.php ]
[ info ] [ LOG ] INIT File
[ error ] [8]未定义数组索引: to[/home/tutu/Project/tools/application/task/controller/Check.php:45]
---------------------------------------------------------------
[ 2018-05-07T14:17:34+08:00 ] 192.168.1.147 GET /public/index.php/task/Check
[ info ] 192.168.1.227:8084/public/index.php/task/Check [运行时间：0.056881s][吞吐率：17.58req/s] [内存消耗：2,438.98kb] [文件加载：50]
[ info ] [ LANG ] /home/tutu/Project/tools/thinkphp/lang/zh-cn.php
[ info ] [ ROUTE ] array (
  'type' => 'module',
  'module' => 
  array (
    0 => 'task',
    1 => 'Check',
    2 => NULL,
  ),
)
[ info ] [ HEADER ] array (
  'host' => '192.168.1.227:8084',
  'user-agent' => 'Mozilla/5.0 (X11; Linux x86_64; rv:45.0) Gecko/20100101 Firefox/45.0',
  'accept' => 'text/html,application/xhtml+xml,application/xml;q=0.9,*/*;q=0.8',
  'accept-language' => 'en-US,en;q=0.5',
  'accept-encoding' => 'gzip, deflate',
  'cookie' => 'thinkphp_show_page_trace=0|0; PHPSESSID=49ecn95he0okjpoo34m1mkvg00',
  'connection' => 'keep-alive',
  'cache-control' => 'max-age=0',
)
[ info ] [ PARAM ] array (
)
[ info ] [ RUN ] app\task\controller\Check->index[ /home/tutu/Project/tools/application/task/controller/Check.php ]
[ info ] [ LOG ] INIT File
[ error ] [8]未定义数组索引: to[/home/tutu/Project/tools/application/task/controller/Check.php:45]
---------------------------------------------------------------
[ 2018-05-07T14:17:38+08:00 ] 192.168.1.147 GET /public/index.php/task/Check
[ info ] 192.168.1.227:8084/public/index.php/task/Check [运行时间：0.065773s][吞吐率：15.20req/s] [内存消耗：2,438.98kb] [文件加载：50]
[ info ] [ LANG ] /home/tutu/Project/tools/thinkphp/lang/zh-cn.php
[ info ] [ ROUTE ] array (
  'type' => 'module',
  'module' => 
  array (
    0 => 'task',
    1 => 'Check',
    2 => NULL,
  ),
)
[ info ] [ HEADER ] array (
  'host' => '192.168.1.227:8084',
  'user-agent' => 'Mozilla/5.0 (X11; Linux x86_64; rv:45.0) Gecko/20100101 Firefox/45.0',
  'accept' => 'text/html,application/xhtml+xml,application/xml;q=0.9,*/*;q=0.8',
  'accept-language' => 'en-US,en;q=0.5',
  'accept-encoding' => 'gzip, deflate',
  'cookie' => 'thinkphp_show_page_trace=0|0; PHPSESSID=49ecn95he0okjpoo34m1mkvg00',
  'connection' => 'keep-alive',
  'cache-control' => 'max-age=0',
)
[ info ] [ PARAM ] array (
)
[ info ] [ RUN ] app\task\controller\Check->index[ /home/tutu/Project/tools/application/task/controller/Check.php ]
[ info ] [ LOG ] INIT File
[ error ] [8]未定义数组索引: to[/home/tutu/Project/tools/application/task/controller/Check.php:45]
---------------------------------------------------------------
[ 2018-05-07T14:17:40+08:00 ] 192.168.1.147 GET /public/index.php/task/Check
[ info ] 192.168.1.227:8084/public/index.php/task/Check [运行时间：0.065021s][吞吐率：15.38req/s] [内存消耗：2,438.98kb] [文件加载：50]
[ info ] [ LANG ] /home/tutu/Project/tools/thinkphp/lang/zh-cn.php
[ info ] [ ROUTE ] array (
  'type' => 'module',
  'module' => 
  array (
    0 => 'task',
    1 => 'Check',
    2 => NULL,
  ),
)
[ info ] [ HEADER ] array (
  'host' => '192.168.1.227:8084',
  'user-agent' => 'Mozilla/5.0 (X11; Linux x86_64; rv:45.0) Gecko/20100101 Firefox/45.0',
  'accept' => 'text/html,application/xhtml+xml,application/xml;q=0.9,*/*;q=0.8',
  'accept-language' => 'en-US,en;q=0.5',
  'accept-encoding' => 'gzip, deflate',
  'cookie' => 'thinkphp_show_page_trace=0|0; PHPSESSID=49ecn95he0okjpoo34m1mkvg00',
  'connection' => 'keep-alive',
  'cache-control' => 'max-age=0',
)
[ info ] [ PARAM ] array (
)
[ info ] [ RUN ] app\task\controller\Check->index[ /home/tutu/Project/tools/application/task/controller/Check.php ]
[ info ] [ LOG ] INIT File
[ error ] [8]未定义数组索引: to[/home/tutu/Project/tools/application/task/controller/Check.php:45]
---------------------------------------------------------------
[ 2018-05-07T14:17:42+08:00 ] 192.168.1.147 GET /public/index.php/task/Check
[ info ] 192.168.1.227:8084/public/index.php/task/Check [运行时间：0.060581s][吞吐率：16.51req/s] [内存消耗：2,438.98kb] [文件加载：50]
[ info ] [ LANG ] /home/tutu/Project/tools/thinkphp/lang/zh-cn.php
[ info ] [ ROUTE ] array (
  'type' => 'module',
  'module' => 
  array (
    0 => 'task',
    1 => 'Check',
    2 => NULL,
  ),
)
[ info ] [ HEADER ] array (
  'host' => '192.168.1.227:8084',
  'user-agent' => 'Mozilla/5.0 (X11; Linux x86_64; rv:45.0) Gecko/20100101 Firefox/45.0',
  'accept' => 'text/html,application/xhtml+xml,application/xml;q=0.9,*/*;q=0.8',
  'accept-language' => 'en-US,en;q=0.5',
  'accept-encoding' => 'gzip, deflate',
  'cookie' => 'thinkphp_show_page_trace=0|0; PHPSESSID=49ecn95he0okjpoo34m1mkvg00',
  'connection' => 'keep-alive',
  'cache-control' => 'max-age=0',
)
[ info ] [ PARAM ] array (
)
[ info ] [ RUN ] app\task\controller\Check->index[ /home/tutu/Project/tools/application/task/controller/Check.php ]
[ info ] [ LOG ] INIT File
[ error ] [8]未定义数组索引: to[/home/tutu/Project/tools/application/task/controller/Check.php:45]
