---------------------------------------------------------------
[ 2018-05-16T10:52:04+08:00 ] 127.0.0.1 GET /index/Report/resetExcel
[ info ] localhost:8099/index/Report/resetExcel [è¿è¡Œæ—¶é—´ï¼š0.055572s][ååç‡ï¼š17.99req/s] [å†…å­˜æ¶ˆè€—ï¼š2,180.49kb] [æ–‡ä»¶åŠ è½½ï¼š40]
[ info ] [ LANG ] /home/tutu/Project/tools/thinkphp/lang/zh-cn.php
[ info ] [ ROUTE ] array (
  'type' => 'module',
  'module' => 
  array (
    0 => 'index',
    1 => 'Report',
    2 => 'resetExcel',
  ),
)
[ info ] [ HEADER ] array (
  'host' => 'localhost:8099',
  'user-agent' => 'Mozilla/5.0 (X11; Ubuntu; Linux x86_64; rv:60.0) Gecko/20100101 Firefox/60.0',
  'accept' => 'text/html,application/xhtml+xml,application/xml;q=0.9,*/*;q=0.8',
  'accept-language' => 'en-GB,en;q=0.5',
  'accept-encoding' => 'gzip, deflate',
  'connection' => 'keep-alive',
  'upgrade-insecure-requests' => '1',
)
[ info ] [ PARAM ] array (
)
[ info ] [ RUN ] app\index\controller\Report->resetExcel[ /home/tutu/Project/tools/application/index/controller/Report.php ]
[ info ] [ LOG ] INIT File
---------------------------------------------------------------
[ 2018-05-16T10:54:33+08:00 ] 127.0.0.1 GET /index/Report/resetExcel
[ info ] localhost:8099/index/Report/resetExcel [è¿è¡Œæ—¶é—´ï¼š0.063117s][ååç‡ï¼š15.84req/s] [å†…å­˜æ¶ˆè€—ï¼š2,514.24kb] [æ–‡ä»¶åŠ è½½ï¼š49]
[ info ] [ LANG ] /home/tutu/Project/tools/thinkphp/lang/zh-cn.php
[ info ] [ ROUTE ] array (
  'type' => 'module',
  'module' => 
  array (
    0 => 'index',
    1 => 'Report',
    2 => 'resetExcel',
  ),
)
[ info ] [ HEADER ] array (
  'host' => 'localhost:8099',
  'user-agent' => 'Mozilla/5.0 (X11; Ubuntu; Linux x86_64; rv:60.0) Gecko/20100101 Firefox/60.0',
  'accept' => 'text/html,application/xhtml+xml,application/xml;q=0.9,*/*;q=0.8',
  'accept-language' => 'en-GB,en;q=0.5',
  'accept-encoding' => 'gzip, deflate',
  'connection' => 'keep-alive',
  'upgrade-insecure-requests' => '1',
  'cache-control' => 'max-age=0',
)
[ info ] [ PARAM ] array (
)
[ info ] [ RUN ] app\index\controller\Report->resetExcel[ /home/tutu/Project/tools/application/index/controller/Report.php ]
[ info ] [ LOG ] INIT File
[ error ] [0]SplFileObject::__construct(äº”åŒ…_(20171210~20171217)1679.xls): failed to open stream: No such file or directory[/home/tutu/Project/tools/thinkphp/library/think/File.php:66]
---------------------------------------------------------------
[ 2018-05-16T10:55:07+08:00 ] 127.0.0.1 GET /index/Report/resetExcel
[ info ] localhost:8099/index/Report/resetExcel [è¿è¡Œæ—¶é—´ï¼š0.040604s][ååç‡ï¼š24.63req/s] [å†…å­˜æ¶ˆè€—ï¼š2,242.91kb] [æ–‡ä»¶åŠ è½½ï¼š41]
[ info ] [ LANG ] /home/tutu/Project/tools/thinkphp/lang/zh-cn.php
[ info ] [ ROUTE ] array (
  'type' => 'module',
  'module' => 
  array (
    0 => 'index',
    1 => 'Report',
    2 => 'resetExcel',
  ),
)
[ info ] [ HEADER ] array (
  'host' => 'localhost:8099',
  'user-agent' => 'Mozilla/5.0 (X11; Ubuntu; Linux x86_64; rv:60.0) Gecko/20100101 Firefox/60.0',
  'accept' => 'text/html,application/xhtml+xml,application/xml;q=0.9,*/*;q=0.8',
  'accept-language' => 'en-GB,en;q=0.5',
  'accept-encoding' => 'gzip, deflate',
  'cookie' => 'thinkphp_show_page_trace=0|0',
  'connection' => 'keep-alive',
  'upgrade-insecure-requests' => '1',
  'cache-control' => 'max-age=0',
)
[ info ] [ PARAM ] array (
)
[ info ] [ RUN ] app\index\controller\Report->resetExcel[ /home/tutu/Project/tools/application/index/controller/Report.php ]
[ info ] [ LOG ] INIT File
---------------------------------------------------------------
[ 2018-05-16T11:09:33+08:00 ] 127.0.0.1 GET /index/Report/resetExcel
[ info ] localhost:8099/index/Report/resetExcel [è¿è¡Œæ—¶é—´ï¼š5.283622s][ååç‡ï¼š0.19req/s] [å†…å­˜æ¶ˆè€—ï¼š8,439.15kb] [æ–‡ä»¶åŠ è½½ï¼š96]
[ info ] [ LANG ] /home/tutu/Project/tools/thinkphp/lang/zh-cn.php
[ info ] [ ROUTE ] array (
  'type' => 'module',
  'module' => 
  array (
    0 => 'index',
    1 => 'Report',
    2 => 'resetExcel',
  ),
)
[ info ] [ HEADER ] array (
  'host' => 'localhost:8099',
  'user-agent' => 'Mozilla/5.0 (X11; Ubuntu; Linux x86_64; rv:60.0) Gecko/20100101 Firefox/60.0',
  'accept' => 'text/html,application/xhtml+xml,application/xml;q=0.9,*/*;q=0.8',
  'accept-language' => 'en-GB,en;q=0.5',
  'accept-encoding' => 'gzip, deflate',
  'cookie' => 'thinkphp_show_page_trace=0|0',
  'connection' => 'keep-alive',
  'upgrade-insecure-requests' => '1',
)
[ info ] [ PARAM ] array (
)
[ info ] [ RUN ] app\index\controller\Report->resetExcel[ /home/tutu/Project/tools/application/index/controller/Report.php ]
[ info ] [ LOG ] INIT File
[ error ] [2]Illegal offset type[/home/tutu/Project/tools/application/common.php:208]
---------------------------------------------------------------
[ 2018-05-16T11:09:45+08:00 ] 127.0.0.1 GET /index/Report/resetExcel
[ info ] localhost:8099/index/Report/resetExcel [è¿è¡Œæ—¶é—´ï¼š4.995220s][ååç‡ï¼š0.20req/s] [å†…å­˜æ¶ˆè€—ï¼š8,439.15kb] [æ–‡ä»¶åŠ è½½ï¼š96]
[ info ] [ LANG ] /home/tutu/Project/tools/thinkphp/lang/zh-cn.php
[ info ] [ ROUTE ] array (
  'type' => 'module',
  'module' => 
  array (
    0 => 'index',
    1 => 'Report',
    2 => 'resetExcel',
  ),
)
[ info ] [ HEADER ] array (
  'host' => 'localhost:8099',
  'user-agent' => 'Mozilla/5.0 (X11; Ubuntu; Linux x86_64; rv:60.0) Gecko/20100101 Firefox/60.0',
  'accept' => 'text/html,application/xhtml+xml,application/xml;q=0.9,*/*;q=0.8',
  'accept-language' => 'en-GB,en;q=0.5',
  'accept-encoding' => 'gzip, deflate',
  'cookie' => 'thinkphp_show_page_trace=0|0',
  'connection' => 'keep-alive',
  'upgrade-insecure-requests' => '1',
)
[ info ] [ PARAM ] array (
)
[ info ] [ RUN ] app\index\controller\Report->resetExcel[ /home/tutu/Project/tools/application/index/controller/Report.php ]
[ info ] [ LOG ] INIT File
[ error ] [2]Illegal offset type[/home/tutu/Project/tools/application/common.php:208]
---------------------------------------------------------------
[ 2018-05-16T11:11:54+08:00 ] 127.0.0.1 GET /index/Report/resetExcel
[ info ] localhost:8099/index/Report/resetExcel [è¿è¡Œæ—¶é—´ï¼š5.703018s][ååç‡ï¼š0.18req/s] [å†…å­˜æ¶ˆè€—ï¼š8,439.30kb] [æ–‡ä»¶åŠ è½½ï¼š96]
[ info ] [ LANG ] /home/tutu/Project/tools/thinkphp/lang/zh-cn.php
[ info ] [ ROUTE ] array (
  'type' => 'module',
  'module' => 
  array (
    0 => 'index',
    1 => 'Report',
    2 => 'resetExcel',
  ),
)
[ info ] [ HEADER ] array (
  'host' => 'localhost:8099',
  'user-agent' => 'Mozilla/5.0 (X11; Ubuntu; Linux x86_64; rv:60.0) Gecko/20100101 Firefox/60.0',
  'accept' => 'text/html,application/xhtml+xml,application/xml;q=0.9,*/*;q=0.8',
  'accept-language' => 'en-GB,en;q=0.5',
  'accept-encoding' => 'gzip, deflate',
  'cookie' => 'thinkphp_show_page_trace=0|0',
  'connection' => 'keep-alive',
  'upgrade-insecure-requests' => '1',
)
[ info ] [ PARAM ] array (
)
[ info ] [ RUN ] app\index\controller\Report->resetExcel[ /home/tutu/Project/tools/application/index/controller/Report.php ]
[ info ] [ LOG ] INIT File
[ error ] [8]æœªå®šä¹‰æ•°ç»„ç´¢å¼•: MACåœ°å€[/home/tutu/Project/tools/application/index/controller/Report.php:239]
---------------------------------------------------------------
[ 2018-05-16T11:15:12+08:00 ] 127.0.0.1 GET /index/Report/resetExcel
[ info ] localhost:8099/index/Report/resetExcel [è¿è¡Œæ—¶é—´ï¼š5.956918s][ååç‡ï¼š0.17req/s] [å†…å­˜æ¶ˆè€—ï¼š8,440.97kb] [æ–‡ä»¶åŠ è½½ï¼š96]
[ info ] [ LANG ] /home/tutu/Project/tools/thinkphp/lang/zh-cn.php
[ info ] [ ROUTE ] array (
  'type' => 'module',
  'module' => 
  array (
    0 => 'index',
    1 => 'Report',
    2 => 'resetExcel',
  ),
)
[ info ] [ HEADER ] array (
  'host' => 'localhost:8099',
  'user-agent' => 'Mozilla/5.0 (X11; Ubuntu; Linux x86_64; rv:60.0) Gecko/20100101 Firefox/60.0',
  'accept' => 'text/html,application/xhtml+xml,application/xml;q=0.9,*/*;q=0.8',
  'accept-language' => 'en-GB,en;q=0.5',
  'accept-encoding' => 'gzip, deflate',
  'cookie' => 'thinkphp_show_page_trace=0|0',
  'connection' => 'keep-alive',
  'upgrade-insecure-requests' => '1',
)
[ info ] [ PARAM ] array (
)
[ info ] [ RUN ] app\index\controller\Report->resetExcel[ /home/tutu/Project/tools/application/index/controller/Report.php ]
[ info ] [ LOG ] INIT File
[ error ] [8]æœªå®šä¹‰æ•°ç»„ç´¢å¼•: MACåœ°å€[/home/tutu/Project/tools/application/index/controller/Report.php:240]
---------------------------------------------------------------
[ 2018-05-16T11:15:36+08:00 ] 127.0.0.1 GET /index/Report/resetExcel
[ info ] localhost:8099/index/Report/resetExcel [è¿è¡Œæ—¶é—´ï¼š5.684498s][ååç‡ï¼š0.18req/s] [å†…å­˜æ¶ˆè€—ï¼š8,637.18kb] [æ–‡ä»¶åŠ è½½ï¼š86]
[ info ] [ LANG ] /home/tutu/Project/tools/thinkphp/lang/zh-cn.php
[ info ] [ ROUTE ] array (
  'type' => 'module',
  'module' => 
  array (
    0 => 'index',
    1 => 'Report',
    2 => 'resetExcel',
  ),
)
[ info ] [ HEADER ] array (
  'host' => 'localhost:8099',
  'user-agent' => 'Mozilla/5.0 (X11; Ubuntu; Linux x86_64; rv:60.0) Gecko/20100101 Firefox/60.0',
  'accept' => 'text/html,application/xhtml+xml,application/xml;q=0.9,*/*;q=0.8',
  'accept-language' => 'en-GB,en;q=0.5',
  'accept-encoding' => 'gzip, deflate',
  'cookie' => 'thinkphp_show_page_trace=0|0',
  'connection' => 'keep-alive',
  'upgrade-insecure-requests' => '1',
  'cache-control' => 'max-age=0',
)
[ info ] [ PARAM ] array (
)
[ info ] [ RUN ] app\index\controller\Report->resetExcel[ /home/tutu/Project/tools/application/index/controller/Report.php ]
[ info ] [ LOG ] INIT File
---------------------------------------------------------------
[ 2018-05-16T11:16:21+08:00 ] 127.0.0.1 GET /index/Report/resetExcel
[ info ] localhost:8099/index/Report/resetExcel [è¿è¡Œæ—¶é—´ï¼š10.994822s][ååç‡ï¼š0.09req/s] [å†…å­˜æ¶ˆè€—ï¼š12,135.02kb] [æ–‡ä»¶åŠ è½½ï¼š111]
[ info ] [ LANG ] /home/tutu/Project/tools/thinkphp/lang/zh-cn.php
[ info ] [ ROUTE ] array (
  'type' => 'module',
  'module' => 
  array (
    0 => 'index',
    1 => 'Report',
    2 => 'resetExcel',
  ),
)
[ info ] [ HEADER ] array (
  'host' => 'localhost:8099',
  'user-agent' => 'Mozilla/5.0 (X11; Ubuntu; Linux x86_64; rv:60.0) Gecko/20100101 Firefox/60.0',
  'accept' => 'text/html,application/xhtml+xml,application/xml;q=0.9,*/*;q=0.8',
  'accept-language' => 'en-GB,en;q=0.5',
  'accept-encoding' => 'gzip, deflate',
  'cookie' => 'thinkphp_show_page_trace=0|0',
  'connection' => 'keep-alive',
  'upgrade-insecure-requests' => '1',
)
[ info ] [ PARAM ] array (
)
[ info ] [ RUN ] app\index\controller\Report->resetExcel[ /home/tutu/Project/tools/application/index/controller/Report.php ]
[ info ] [ LOG ] INIT File
---------------------------------------------------------------
[ 2018-05-16T11:19:38+08:00 ] 127.0.0.1 GET /index/Report/resetExcel
[ info ] localhost:8099/index/Report/resetExcel [è¿è¡Œæ—¶é—´ï¼š11.045814s][ååç‡ï¼š0.09req/s] [å†…å­˜æ¶ˆè€—ï¼š12,134.80kb] [æ–‡ä»¶åŠ è½½ï¼š111]
[ info ] [ LANG ] /home/tutu/Project/tools/thinkphp/lang/zh-cn.php
[ info ] [ ROUTE ] array (
  'type' => 'module',
  'module' => 
  array (
    0 => 'index',
    1 => 'Report',
    2 => 'resetExcel',
  ),
)
[ info ] [ HEADER ] array (
  'host' => 'localhost:8099',
  'user-agent' => 'Mozilla/5.0 (X11; Ubuntu; Linux x86_64; rv:60.0) Gecko/20100101 Firefox/60.0',
  'accept' => 'text/html,application/xhtml+xml,application/xml;q=0.9,*/*;q=0.8',
  'accept-language' => 'en-GB,en;q=0.5',
  'accept-encoding' => 'gzip, deflate',
  'cookie' => 'thinkphp_show_page_trace=0|0',
  'connection' => 'keep-alive',
  'upgrade-insecure-requests' => '1',
)
[ info ] [ PARAM ] array (
)
[ info ] [ RUN ] app\index\controller\Report->resetExcel[ /home/tutu/Project/tools/application/index/controller/Report.php ]
[ info ] [ LOG ] INIT File
---------------------------------------------------------------
[ 2018-05-16T11:20:26+08:00 ] 127.0.0.1 GET /index/Report/resetExcel
[ info ] localhost:8099/index/Report/resetExcel [è¿è¡Œæ—¶é—´ï¼š11.196962s][ååç‡ï¼š0.09req/s] [å†…å­˜æ¶ˆè€—ï¼š12,134.80kb] [æ–‡ä»¶åŠ è½½ï¼š111]
[ info ] [ LANG ] /home/tutu/Project/tools/thinkphp/lang/zh-cn.php
[ info ] [ ROUTE ] array (
  'type' => 'module',
  'module' => 
  array (
    0 => 'index',
    1 => 'Report',
    2 => 'resetExcel',
  ),
)
[ info ] [ HEADER ] array (
  'host' => 'localhost:8099',
  'user-agent' => 'Mozilla/5.0 (X11; Ubuntu; Linux x86_64; rv:60.0) Gecko/20100101 Firefox/60.0',
  'accept' => 'text/html,application/xhtml+xml,application/xml;q=0.9,*/*;q=0.8',
  'accept-language' => 'en-GB,en;q=0.5',
  'accept-encoding' => 'gzip, deflate',
  'cookie' => 'thinkphp_show_page_trace=0|0',
  'connection' => 'keep-alive',
  'upgrade-insecure-requests' => '1',
)
[ info ] [ PARAM ] array (
)
[ info ] [ RUN ] app\index\controller\Report->resetExcel[ /home/tutu/Project/tools/application/index/controller/Report.php ]
[ info ] [ LOG ] INIT File
---------------------------------------------------------------
[ 2018-05-16T11:20:48+08:00 ] 127.0.0.1 GET /index/Report/resetExcel
[ info ] localhost:8099/index/Report/resetExcel [è¿è¡Œæ—¶é—´ï¼š5.630236s][ååç‡ï¼š0.18req/s] [å†…å­˜æ¶ˆè€—ï¼š8,456.82kb] [æ–‡ä»¶åŠ è½½ï¼š86]
[ info ] [ LANG ] /home/tutu/Project/tools/thinkphp/lang/zh-cn.php
[ info ] [ ROUTE ] array (
  'type' => 'module',
  'module' => 
  array (
    0 => 'index',
    1 => 'Report',
    2 => 'resetExcel',
  ),
)
[ info ] [ HEADER ] array (
  'host' => 'localhost:8099',
  'user-agent' => 'Mozilla/5.0 (X11; Ubuntu; Linux x86_64; rv:60.0) Gecko/20100101 Firefox/60.0',
  'accept' => 'text/html,application/xhtml+xml,application/xml;q=0.9,*/*;q=0.8',
  'accept-language' => 'en-GB,en;q=0.5',
  'accept-encoding' => 'gzip, deflate',
  'cookie' => 'thinkphp_show_page_trace=0|0',
  'connection' => 'keep-alive',
  'upgrade-insecure-requests' => '1',
)
[ info ] [ PARAM ] array (
)
[ info ] [ RUN ] app\index\controller\Report->resetExcel[ /home/tutu/Project/tools/application/index/controller/Report.php ]
[ info ] [ LOG ] INIT File
---------------------------------------------------------------
[ 2018-05-16T11:21:14+08:00 ] 127.0.0.1 GET /index/Report/resetExcel
[ info ] localhost:8099/index/Report/resetExcel [è¿è¡Œæ—¶é—´ï¼š10.923889s][ååç‡ï¼š0.09req/s] [å†…å­˜æ¶ˆè€—ï¼š12,066.73kb] [æ–‡ä»¶åŠ è½½ï¼š111]
[ info ] [ LANG ] /home/tutu/Project/tools/thinkphp/lang/zh-cn.php
[ info ] [ ROUTE ] array (
  'type' => 'module',
  'module' => 
  array (
    0 => 'index',
    1 => 'Report',
    2 => 'resetExcel',
  ),
)
[ info ] [ HEADER ] array (
  'host' => 'localhost:8099',
  'user-agent' => 'Mozilla/5.0 (X11; Ubuntu; Linux x86_64; rv:60.0) Gecko/20100101 Firefox/60.0',
  'accept' => 'text/html,application/xhtml+xml,application/xml;q=0.9,*/*;q=0.8',
  'accept-language' => 'en-GB,en;q=0.5',
  'accept-encoding' => 'gzip, deflate',
  'cookie' => 'thinkphp_show_page_trace=0|0',
  'connection' => 'keep-alive',
  'upgrade-insecure-requests' => '1',
  'cache-control' => 'max-age=0',
)
[ info ] [ PARAM ] array (
)
[ info ] [ RUN ] app\index\controller\Report->resetExcel[ /home/tutu/Project/tools/application/index/controller/Report.php ]
[ info ] [ LOG ] INIT File
---------------------------------------------------------------
[ 2018-05-16T11:27:00+08:00 ] 127.0.0.1 GET /index/Report/resetExcel
[ info ] localhost:8099/index/Report/resetExcel [è¿è¡Œæ—¶é—´ï¼š20.268097s][ååç‡ï¼š0.05req/s] [å†…å­˜æ¶ˆè€—ï¼š20,130.72kb] [æ–‡ä»¶åŠ è½½ï¼š122]
[ info ] [ LANG ] /home/tutu/Project/tools/thinkphp/lang/zh-cn.php
[ info ] [ ROUTE ] array (
  'type' => 'module',
  'module' => 
  array (
    0 => 'index',
    1 => 'Report',
    2 => 'resetExcel',
  ),
)
[ info ] [ HEADER ] array (
  'host' => 'localhost:8099',
  'user-agent' => 'Mozilla/5.0 (X11; Ubuntu; Linux x86_64; rv:60.0) Gecko/20100101 Firefox/60.0',
  'accept' => 'text/html,application/xhtml+xml,application/xml;q=0.9,*/*;q=0.8',
  'accept-language' => 'en-GB,en;q=0.5',
  'accept-encoding' => 'gzip, deflate',
  'cookie' => 'thinkphp_show_page_trace=0|0',
  'connection' => 'keep-alive',
  'upgrade-insecure-requests' => '1',
)
[ info ] [ PARAM ] array (
)
[ info ] [ RUN ] app\index\controller\Report->resetExcel[ /home/tutu/Project/tools/application/index/controller/Report.php ]
[ info ] [ LOG ] INIT File
---------------------------------------------------------------
[ 2018-05-16T13:34:19+08:00 ] 0.0.0.0 GET /public/index.php
[ info ] localhost:8099/public/index.php [è¿è¡Œæ—¶é—´ï¼š0.406432s][ååç‡ï¼š2.46req/s] [å†…å­˜æ¶ˆè€—ï¼š1,405.47kb] [æ–‡ä»¶åŠ è½½ï¼š31]
[ info ] [ LANG ] F:\ÁÙÊ±ÎÄ¼ş\mess_tools\thinkphp\lang\zh-cn.php
[ info ] [ ROUTE ] array (
  'type' => 'module',
  'module' => 
  array (
    0 => '',
    1 => NULL,
    2 => NULL,
  ),
)
[ info ] [ HEADER ] array (
  'host' => 'localhost:8099',
  'user-agent' => 'Mozilla/5.0 (Windows NT 10.0; Win64; x64; rv:59.0) Gecko/20100101 Firefox/59.0',
  'accept' => 'text/html,application/xhtml+xml,application/xml;q=0.9,*/*;q=0.8',
  'accept-language' => 'zh-CN,zh;q=0.8,zh-TW;q=0.7,zh-HK;q=0.5,en-US;q=0.3,en;q=0.2',
  'accept-encoding' => 'gzip, deflate',
  'connection' => 'keep-alive',
  'upgrade-insecure-requests' => '1',
)
[ info ] [ PARAM ] array (
)
[ info ] [ RUN ] app\index\controller\Index->index[ F:\ÁÙÊ±ÎÄ¼ş\mess_tools\application\index\controller\Index.php ]
[ info ] [ LOG ] INIT File
---------------------------------------------------------------
[ 2018-05-16T13:34:37+08:00 ] 0.0.0.0 GET /public/index.php/index/Check/check
[ info ] localhost:8099/public/index.php/index/Check/check [è¿è¡Œæ—¶é—´ï¼š0.146488s][ååç‡ï¼š6.83req/s] [å†…å­˜æ¶ˆè€—ï¼š1,440.54kb] [æ–‡ä»¶åŠ è½½ï¼š34]
[ info ] [ LANG ] F:\ÁÙÊ±ÎÄ¼ş\mess_tools\thinkphp\lang\zh-cn.php
[ info ] [ ROUTE ] array (
  'type' => 'module',
  'module' => 
  array (
    0 => 'index',
    1 => 'Check',
    2 => 'check',
  ),
)
[ info ] [ HEADER ] array (
  'host' => 'localhost:8099',
  'user-agent' => 'Mozilla/5.0 (Windows NT 10.0; Win64; x64; rv:59.0) Gecko/20100101 Firefox/59.0',
  'accept' => 'text/html,application/xhtml+xml,application/xml;q=0.9,*/*;q=0.8',
  'accept-language' => 'zh-CN,zh;q=0.8,zh-TW;q=0.7,zh-HK;q=0.5,en-US;q=0.3,en;q=0.2',
  'accept-encoding' => 'gzip, deflate',
  'cookie' => 'thinkphp_show_page_trace=0|0',
  'connection' => 'keep-alive',
  'upgrade-insecure-requests' => '1',
)
[ info ] [ PARAM ] array (
)
[ info ] [ LOG ] INIT File
---------------------------------------------------------------
[ 2018-05-16T13:34:44+08:00 ] 0.0.0.0 GET /public/index.php/task/Check/check
[ info ] localhost:8099/public/index.php/task/Check/check [è¿è¡Œæ—¶é—´ï¼š0.219070s][ååç‡ï¼š4.56req/s] [å†…å­˜æ¶ˆè€—ï¼š1,707.59kb] [æ–‡ä»¶åŠ è½½ï¼š41]
[ info ] [ LANG ] F:\ÁÙÊ±ÎÄ¼ş\mess_tools\thinkphp\lang\zh-cn.php
[ info ] [ ROUTE ] array (
  'type' => 'module',
  'module' => 
  array (
    0 => 'task',
    1 => 'Check',
    2 => 'check',
  ),
)
[ info ] [ HEADER ] array (
  'host' => 'localhost:8099',
  'user-agent' => 'Mozilla/5.0 (Windows NT 10.0; Win64; x64; rv:59.0) Gecko/20100101 Firefox/59.0',
  'accept' => 'text/html,application/xhtml+xml,application/xml;q=0.9,*/*;q=0.8',
  'accept-language' => 'zh-CN,zh;q=0.8,zh-TW;q=0.7,zh-HK;q=0.5,en-US;q=0.3,en;q=0.2',
  'accept-encoding' => 'gzip, deflate',
  'cookie' => 'thinkphp_show_page_trace=0|0',
  'connection' => 'keep-alive',
  'upgrade-insecure-requests' => '1',
)
[ info ] [ PARAM ] array (
)
[ info ] [ RUN ] app\task\controller\Check->check[ F:\ÁÙÊ±ÎÄ¼ş\mess_tools\application\task\controller\Check.php ]
[ info ] [ LOG ] INIT File
[ error ] [2]exec(): Cannot execute a blank command[F:\ÁÙÊ±ÎÄ¼ş\mess_tools\application\task\controller\Check.php:28]
---------------------------------------------------------------
[ 2018-05-16T13:35:54+08:00 ] 0.0.0.0 GET /public/index.php/index/Report/resetExcel
[ info ] localhost:8099/public/index.php/index/Report/resetExcel [è¿è¡Œæ—¶é—´ï¼š0.061746s][ååç‡ï¼š16.20req/s] [å†…å­˜æ¶ˆè€—ï¼š1,740.34kb] [æ–‡ä»¶åŠ è½½ï¼š41]
[ info ] [ LANG ] F:\ÁÙÊ±ÎÄ¼ş\mess_tools\thinkphp\lang\zh-cn.php
[ info ] [ ROUTE ] array (
  'type' => 'module',
  'module' => 
  array (
    0 => 'index',
    1 => 'Report',
    2 => 'resetExcel',
  ),
)
[ info ] [ HEADER ] array (
  'host' => 'localhost:8099',
  'user-agent' => 'Mozilla/5.0 (Windows NT 10.0; Win64; x64; rv:59.0) Gecko/20100101 Firefox/59.0',
  'accept' => 'text/html,application/xhtml+xml,application/xml;q=0.9,*/*;q=0.8',
  'accept-language' => 'zh-CN,zh;q=0.8,zh-TW;q=0.7,zh-HK;q=0.5,en-US;q=0.3,en;q=0.2',
  'accept-encoding' => 'gzip, deflate',
  'cookie' => 'thinkphp_show_page_trace=0|0',
  'connection' => 'keep-alive',
  'upgrade-insecure-requests' => '1',
)
[ info ] [ PARAM ] array (
)
[ info ] [ RUN ] app\index\controller\Report->resetExcel[ F:\ÁÙÊ±ÎÄ¼ş\mess_tools\application\index\controller\Report.php ]
[ info ] [ LOG ] INIT File
[ error ] [2]scandir(./resetExcel/,./resetExcel/): [F:\ÁÙÊ±ÎÄ¼ş\mess_tools\application\index\controller\Report.php:216]
---------------------------------------------------------------
[ 2018-05-16T13:36:27+08:00 ] 0.0.0.0 GET /public/index.php/index/Report/resetExcel
[ info ] localhost:8099/public/index.php/index/Report/resetExcel [è¿è¡Œæ—¶é—´ï¼š0.052785s][ååç‡ï¼š18.94req/s] [å†…å­˜æ¶ˆè€—ï¼š1,704.63kb] [æ–‡ä»¶åŠ è½½ï¼š37]
[ info ] [ LANG ] F:\ÁÙÊ±ÎÄ¼ş\mess_tools\thinkphp\lang\zh-cn.php
[ info ] [ ROUTE ] array (
  'type' => 'module',
  'module' => 
  array (
    0 => 'index',
    1 => 'Report',
    2 => 'resetExcel',
  ),
)
[ info ] [ HEADER ] array (
  'host' => 'localhost:8099',
  'user-agent' => 'Mozilla/5.0 (Windows NT 10.0; Win64; x64; rv:59.0) Gecko/20100101 Firefox/59.0',
  'accept' => 'text/html,application/xhtml+xml,application/xml;q=0.9,*/*;q=0.8',
  'accept-language' => 'zh-CN,zh;q=0.8,zh-TW;q=0.7,zh-HK;q=0.5,en-US;q=0.3,en;q=0.2',
  'accept-encoding' => 'gzip, deflate',
  'cookie' => 'thinkphp_show_page_trace=0|0; thinkphp_show_page_trace=0|0',
  'connection' => 'keep-alive',
  'upgrade-insecure-requests' => '1',
)
[ info ] [ PARAM ] array (
)
[ info ] [ RUN ] app\index\controller\Report->resetExcel[ F:\ÁÙÊ±ÎÄ¼ş\mess_tools\application\index\controller\Report.php ]
[ info ] [ LOG ] INIT File
